09-Jun-2025 09:35:37.506 INFO [main] org.apache.catalina.startup.VersionLoggerListener.log 서버 버전 이름:    Apache Tomcat/10.1.40
09-Jun-2025 09:35:37.511 INFO [main] org.apache.catalina.startup.VersionLoggerListener.log Server 빌드 시각:  Apr 1 2025 17:20:53 UTC
09-Jun-2025 09:35:37.519 INFO [main] org.apache.catalina.startup.VersionLoggerListener.log Server 버전 번호:  10.1.40.0
09-Jun-2025 09:35:37.519 INFO [main] org.apache.catalina.startup.VersionLoggerListener.log 운영체제 이름:     Windows 10
09-Jun-2025 09:35:37.520 INFO [main] org.apache.catalina.startup.VersionLoggerListener.log 운영체제 버전:     10.0
09-Jun-2025 09:35:37.520 INFO [main] org.apache.catalina.startup.VersionLoggerListener.log 아키텍처:          amd64
09-Jun-2025 09:35:37.520 INFO [main] org.apache.catalina.startup.VersionLoggerListener.log 자바 홈:           C:\Program Files\Java\jdk-17
09-Jun-2025 09:35:37.520 INFO [main] org.apache.catalina.startup.VersionLoggerListener.log JVM 버전:          17.0.14+8-LTS-191
09-Jun-2025 09:35:37.520 INFO [main] org.apache.catalina.startup.VersionLoggerListener.log JVM 벤더:          Oracle Corporation
09-Jun-2025 09:35:37.520 INFO [main] org.apache.catalina.startup.VersionLoggerListener.log CATALINA_BASE:     C:\Users\it\Documents\Spring-Backend\JSP\Workspace\apache-tomcat-10.1.40
09-Jun-2025 09:35:37.520 INFO [main] org.apache.catalina.startup.VersionLoggerListener.log CATALINA_HOME:     C:\Users\it\Documents\Spring-Backend\JSP\Workspace\apache-tomcat-10.1.40
09-Jun-2025 09:35:37.526 INFO [main] org.apache.catalina.startup.VersionLoggerListener.log 명령 행 아규먼트:  -Djava.util.logging.config.file=C:\Users\it\Documents\Spring-Backend\JSP\Workspace\apache-tomcat-10.1.40\conf\logging.properties
09-Jun-2025 09:35:37.526 INFO [main] org.apache.catalina.startup.VersionLoggerListener.log 명령 행 아규먼트:  -Djava.util.logging.manager=org.apache.juli.ClassLoaderLogManager
09-Jun-2025 09:35:37.526 INFO [main] org.apache.catalina.startup.VersionLoggerListener.log 명령 행 아규먼트:  -Djdk.tls.ephemeralDHKeySize=2048
09-Jun-2025 09:35:37.526 INFO [main] org.apache.catalina.startup.VersionLoggerListener.log 명령 행 아규먼트:  -Dfile.encoding=utf-8
09-Jun-2025 09:35:37.526 INFO [main] org.apache.catalina.startup.VersionLoggerListener.log 명령 행 아규먼트:  -Djava.protocol.handler.pkgs=org.apache.catalina.webresources
09-Jun-2025 09:35:37.526 INFO [main] org.apache.catalina.startup.VersionLoggerListener.log 명령 행 아규먼트:  -Dsun.io.useCanonCaches=false
09-Jun-2025 09:35:37.526 INFO [main] org.apache.catalina.startup.VersionLoggerListener.log 명령 행 아규먼트:  --add-opens=java.base/java.lang=ALL-UNNAMED
09-Jun-2025 09:35:37.527 INFO [main] org.apache.catalina.startup.VersionLoggerListener.log 명령 행 아규먼트:  --add-opens=java.base/java.lang.reflect=ALL-UNNAMED
09-Jun-2025 09:35:37.527 INFO [main] org.apache.catalina.startup.VersionLoggerListener.log 명령 행 아규먼트:  --add-opens=java.base/java.io=ALL-UNNAMED
09-Jun-2025 09:35:37.527 INFO [main] org.apache.catalina.startup.VersionLoggerListener.log 명령 행 아규먼트:  --add-opens=java.base/java.util=ALL-UNNAMED
09-Jun-2025 09:35:37.527 INFO [main] org.apache.catalina.startup.VersionLoggerListener.log 명령 행 아규먼트:  --add-opens=java.base/java.util.concurrent=ALL-UNNAMED
09-Jun-2025 09:35:37.527 INFO [main] org.apache.catalina.startup.VersionLoggerListener.log 명령 행 아규먼트:  --add-opens=java.rmi/sun.rmi.transport=ALL-UNNAMED
09-Jun-2025 09:35:37.528 INFO [main] org.apache.catalina.startup.VersionLoggerListener.log 명령 행 아규먼트:  -Dcatalina.base=C:\Users\it\Documents\Spring-Backend\JSP\Workspace\apache-tomcat-10.1.40
09-Jun-2025 09:35:37.528 INFO [main] org.apache.catalina.startup.VersionLoggerListener.log 명령 행 아규먼트:  -Dcatalina.home=C:\Users\it\Documents\Spring-Backend\JSP\Workspace\apache-tomcat-10.1.40
09-Jun-2025 09:35:37.528 INFO [main] org.apache.catalina.startup.VersionLoggerListener.log 명령 행 아규먼트:  -Djava.io.tmpdir=C:\Users\it\Documents\Spring-Backend\JSP\Workspace\apache-tomcat-10.1.40\temp
09-Jun-2025 09:35:37.534 INFO [main] org.apache.catalina.core.AprLifecycleListener.lifecycleEvent APR 버전 [1.7.4]을(를) 사용한, APR 기반 Apache Tomcat Native 라이브러리 [2.0.8]을(를) 로드했습니다.
09-Jun-2025 09:35:37.559 INFO [main] org.apache.catalina.core.AprLifecycleListener.initializeSSL OpenSSL이 성공적으로 초기화되었습니다: [OpenSSL 3.0.14 4 Jun 2024]
09-Jun-2025 09:35:37.769 INFO [main] org.apache.coyote.AbstractProtocol.init 프로토콜 핸들러 ["http-nio-8080"]을(를) 초기화합니다.
09-Jun-2025 09:35:37.790 INFO [main] org.apache.catalina.startup.Catalina.load [464] 밀리초 내에 서버가 초기화되었습니다.
09-Jun-2025 09:35:37.809 INFO [main] java.util.ArrayList.forEach Name = dbcp_myoracle Ignoring unknown property: value of "5" for "midIdle" property
09-Jun-2025 09:35:37.858 INFO [main] org.apache.catalina.core.StandardService.startInternal 서비스 [Catalina]을(를) 시작합니다.
09-Jun-2025 09:35:37.858 INFO [main] org.apache.catalina.core.StandardEngine.startInternal 서버 엔진을 시작합니다: [Apache Tomcat/10.1.40]
09-Jun-2025 09:35:37.878 INFO [main] org.apache.catalina.startup.HostConfig.deployWAR 웹 애플리케이션 아카이브 [C:\Users\it\Documents\Spring-Backend\JSP\Workspace\apache-tomcat-10.1.40\webapps\MustHaveJSP.war]을(를) 배치합니다.
09-Jun-2025 09:35:38.959 INFO [main] org.apache.jasper.servlet.TldScanner.scanJars 적어도 하나의 JAR가 TLD들을 찾기 위해 스캔되었으나 아무 것도 찾지 못했습니다. 스캔했으나 TLD가 없는 JAR들의 전체 목록을 보시려면, 로그 레벨을 디버그 레벨로 설정하십시오. 스캔 과정에서 불필요한 JAR들을 건너뛰면, 시스템 시작 시간과 JSP 컴파일 시간을 단축시킬 수 있습니다.
09-Jun-2025 09:35:39.057 INFO [main] org.apache.catalina.startup.HostConfig.deployWAR 웹 애플리케이션 아카이브 [C:\Users\it\Documents\Spring-Backend\JSP\Workspace\apache-tomcat-10.1.40\webapps\MustHaveJSP.war]의 배치가 [1,177] 밀리초에 완료되었습니다.
09-Jun-2025 09:35:39.058 INFO [main] org.apache.catalina.startup.HostConfig.deployWAR 웹 애플리케이션 아카이브 [C:\Users\it\Documents\Spring-Backend\JSP\Workspace\apache-tomcat-10.1.40\webapps\Tourist.war]을(를) 배치합니다.
09-Jun-2025 09:35:39.619 INFO [main] org.apache.jasper.servlet.TldScanner.scanJars 적어도 하나의 JAR가 TLD들을 찾기 위해 스캔되었으나 아무 것도 찾지 못했습니다. 스캔했으나 TLD가 없는 JAR들의 전체 목록을 보시려면, 로그 레벨을 디버그 레벨로 설정하십시오. 스캔 과정에서 불필요한 JAR들을 건너뛰면, 시스템 시작 시간과 JSP 컴파일 시간을 단축시킬 수 있습니다.
09-Jun-2025 09:35:39.622 INFO [main] org.apache.catalina.startup.HostConfig.deployWAR 웹 애플리케이션 아카이브 [C:\Users\it\Documents\Spring-Backend\JSP\Workspace\apache-tomcat-10.1.40\webapps\Tourist.war]의 배치가 [564] 밀리초에 완료되었습니다.
09-Jun-2025 09:35:39.626 INFO [main] org.apache.catalina.startup.HostConfig.deployWAR 웹 애플리케이션 아카이브 [C:\Users\it\Documents\Spring-Backend\JSP\Workspace\apache-tomcat-10.1.40\webapps\Tourist_mvc_model2.war]을(를) 배치합니다.
09-Jun-2025 09:35:40.328 INFO [main] org.apache.jasper.servlet.TldScanner.scanJars 적어도 하나의 JAR가 TLD들을 찾기 위해 스캔되었으나 아무 것도 찾지 못했습니다. 스캔했으나 TLD가 없는 JAR들의 전체 목록을 보시려면, 로그 레벨을 디버그 레벨로 설정하십시오. 스캔 과정에서 불필요한 JAR들을 건너뛰면, 시스템 시작 시간과 JSP 컴파일 시간을 단축시킬 수 있습니다.
09-Jun-2025 09:35:40.354 INFO [main] org.apache.catalina.startup.HostConfig.deployWAR 웹 애플리케이션 아카이브 [C:\Users\it\Documents\Spring-Backend\JSP\Workspace\apache-tomcat-10.1.40\webapps\Tourist_mvc_model2.war]의 배치가 [728] 밀리초에 완료되었습니다.
09-Jun-2025 09:35:40.355 INFO [main] org.apache.catalina.startup.HostConfig.deployDirectory 웹 애플리케이션 디렉토리 [C:\Users\it\Documents\Spring-Backend\JSP\Workspace\apache-tomcat-10.1.40\webapps\docs]을(를) 배치합니다.
09-Jun-2025 09:35:40.382 INFO [main] org.apache.catalina.startup.HostConfig.deployDirectory 웹 애플리케이션 디렉토리 [C:\Users\it\Documents\Spring-Backend\JSP\Workspace\apache-tomcat-10.1.40\webapps\docs]에 대한 배치가 [27] 밀리초에 완료되었습니다.
09-Jun-2025 09:35:40.382 INFO [main] org.apache.catalina.startup.HostConfig.deployDirectory 웹 애플리케이션 디렉토리 [C:\Users\it\Documents\Spring-Backend\JSP\Workspace\apache-tomcat-10.1.40\webapps\examples]을(를) 배치합니다.
09-Jun-2025 09:35:40.675 INFO [main] org.apache.catalina.startup.HostConfig.deployDirectory 웹 애플리케이션 디렉토리 [C:\Users\it\Documents\Spring-Backend\JSP\Workspace\apache-tomcat-10.1.40\webapps\examples]에 대한 배치가 [293] 밀리초에 완료되었습니다.
09-Jun-2025 09:35:40.676 INFO [main] org.apache.catalina.startup.HostConfig.deployDirectory 웹 애플리케이션 디렉토리 [C:\Users\it\Documents\Spring-Backend\JSP\Workspace\apache-tomcat-10.1.40\webapps\host-manager]을(를) 배치합니다.
09-Jun-2025 09:35:40.714 INFO [main] org.apache.catalina.startup.HostConfig.deployDirectory 웹 애플리케이션 디렉토리 [C:\Users\it\Documents\Spring-Backend\JSP\Workspace\apache-tomcat-10.1.40\webapps\host-manager]에 대한 배치가 [37] 밀리초에 완료되었습니다.
09-Jun-2025 09:35:40.714 INFO [main] org.apache.catalina.startup.HostConfig.deployDirectory 웹 애플리케이션 디렉토리 [C:\Users\it\Documents\Spring-Backend\JSP\Workspace\apache-tomcat-10.1.40\webapps\manager]을(를) 배치합니다.
09-Jun-2025 09:35:40.749 INFO [main] org.apache.catalina.startup.HostConfig.deployDirectory 웹 애플리케이션 디렉토리 [C:\Users\it\Documents\Spring-Backend\JSP\Workspace\apache-tomcat-10.1.40\webapps\manager]에 대한 배치가 [35] 밀리초에 완료되었습니다.
09-Jun-2025 09:35:40.750 INFO [main] org.apache.catalina.startup.HostConfig.deployDirectory 웹 애플리케이션 디렉토리 [C:\Users\it\Documents\Spring-Backend\JSP\Workspace\apache-tomcat-10.1.40\webapps\ROOT]을(를) 배치합니다.
09-Jun-2025 09:35:41.442 INFO [main] org.apache.jasper.servlet.TldScanner.scanJars 적어도 하나의 JAR가 TLD들을 찾기 위해 스캔되었으나 아무 것도 찾지 못했습니다. 스캔했으나 TLD가 없는 JAR들의 전체 목록을 보시려면, 로그 레벨을 디버그 레벨로 설정하십시오. 스캔 과정에서 불필요한 JAR들을 건너뛰면, 시스템 시작 시간과 JSP 컴파일 시간을 단축시킬 수 있습니다.
09-Jun-2025 09:35:41.464 INFO [main] org.apache.catalina.startup.HostConfig.deployDirectory 웹 애플리케이션 디렉토리 [C:\Users\it\Documents\Spring-Backend\JSP\Workspace\apache-tomcat-10.1.40\webapps\ROOT]에 대한 배치가 [714] 밀리초에 완료되었습니다.
09-Jun-2025 09:35:41.468 INFO [main] org.apache.coyote.AbstractProtocol.start 프로토콜 핸들러 ["http-nio-8080"]을(를) 시작합니다.
09-Jun-2025 09:35:41.503 INFO [main] org.apache.catalina.startup.Catalina.start 서버가 [3713] 밀리초 내에 시작되었습니다.
09-Jun-2025 09:36:01.508 INFO [Catalina-utility-2] org.apache.catalina.startup.HostConfig.reload 컨텍스트 []을(를) 다시 로드합니다.
09-Jun-2025 09:36:01.509 INFO [Catalina-utility-2] org.apache.catalina.core.StandardContext.reload 이름이 []인 컨텍스트를 다시 로드하는 작업이 시작되었습니다.
09-Jun-2025 09:36:01.959 INFO [Catalina-utility-2] org.apache.jasper.servlet.TldScanner.scanJars 적어도 하나의 JAR가 TLD들을 찾기 위해 스캔되었으나 아무 것도 찾지 못했습니다. 스캔했으나 TLD가 없는 JAR들의 전체 목록을 보시려면, 로그 레벨을 디버그 레벨로 설정하십시오. 스캔 과정에서 불필요한 JAR들을 건너뛰면, 시스템 시작 시간과 JSP 컴파일 시간을 단축시킬 수 있습니다.
09-Jun-2025 09:36:01.961 INFO [Catalina-utility-2] org.apache.catalina.core.StandardContext.reload 이름이 []인 컨텍스트를 다시 로드하는 것을 완료했습니다.
09-Jun-2025 09:49:24.697 INFO [main] org.apache.catalina.startup.VersionLoggerListener.log 서버 버전 이름:    Apache Tomcat/10.1.40
09-Jun-2025 09:49:24.701 INFO [main] org.apache.catalina.startup.VersionLoggerListener.log Server 빌드 시각:  Apr 1 2025 17:20:53 UTC
09-Jun-2025 09:49:24.703 INFO [main] org.apache.catalina.startup.VersionLoggerListener.log Server 버전 번호:  10.1.40.0
09-Jun-2025 09:49:24.703 INFO [main] org.apache.catalina.startup.VersionLoggerListener.log 운영체제 이름:     Windows 10
09-Jun-2025 09:49:24.703 INFO [main] org.apache.catalina.startup.VersionLoggerListener.log 운영체제 버전:     10.0
09-Jun-2025 09:49:24.703 INFO [main] org.apache.catalina.startup.VersionLoggerListener.log 아키텍처:          amd64
09-Jun-2025 09:49:24.703 INFO [main] org.apache.catalina.startup.VersionLoggerListener.log 자바 홈:           C:\Program Files\Java\jdk-17
09-Jun-2025 09:49:24.703 INFO [main] org.apache.catalina.startup.VersionLoggerListener.log JVM 버전:          17.0.14+8-LTS-191
09-Jun-2025 09:49:24.703 INFO [main] org.apache.catalina.startup.VersionLoggerListener.log JVM 벤더:          Oracle Corporation
09-Jun-2025 09:49:24.704 INFO [main] org.apache.catalina.startup.VersionLoggerListener.log CATALINA_BASE:     C:\Users\it\Documents\Spring-Backend\JSP\Workspace\apache-tomcat-10.1.40
09-Jun-2025 09:49:24.704 INFO [main] org.apache.catalina.startup.VersionLoggerListener.log CATALINA_HOME:     C:\Users\it\Documents\Spring-Backend\JSP\Workspace\apache-tomcat-10.1.40
09-Jun-2025 09:49:24.709 INFO [main] org.apache.catalina.startup.VersionLoggerListener.log 명령 행 아규먼트:  -Djava.util.logging.config.file=C:\Users\it\Documents\Spring-Backend\JSP\Workspace\apache-tomcat-10.1.40\conf\logging.properties
09-Jun-2025 09:49:24.709 INFO [main] org.apache.catalina.startup.VersionLoggerListener.log 명령 행 아규먼트:  -Djava.util.logging.manager=org.apache.juli.ClassLoaderLogManager
09-Jun-2025 09:49:24.710 INFO [main] org.apache.catalina.startup.VersionLoggerListener.log 명령 행 아규먼트:  -Djdk.tls.ephemeralDHKeySize=2048
09-Jun-2025 09:49:24.710 INFO [main] org.apache.catalina.startup.VersionLoggerListener.log 명령 행 아규먼트:  -Dfile.encoding=utf-8
09-Jun-2025 09:49:24.710 INFO [main] org.apache.catalina.startup.VersionLoggerListener.log 명령 행 아규먼트:  -Djava.protocol.handler.pkgs=org.apache.catalina.webresources
09-Jun-2025 09:49:24.710 INFO [main] org.apache.catalina.startup.VersionLoggerListener.log 명령 행 아규먼트:  -Dsun.io.useCanonCaches=false
09-Jun-2025 09:49:24.710 INFO [main] org.apache.catalina.startup.VersionLoggerListener.log 명령 행 아규먼트:  --add-opens=java.base/java.lang=ALL-UNNAMED
09-Jun-2025 09:49:24.710 INFO [main] org.apache.catalina.startup.VersionLoggerListener.log 명령 행 아규먼트:  --add-opens=java.base/java.lang.reflect=ALL-UNNAMED
09-Jun-2025 09:49:24.711 INFO [main] org.apache.catalina.startup.VersionLoggerListener.log 명령 행 아규먼트:  --add-opens=java.base/java.io=ALL-UNNAMED
09-Jun-2025 09:49:24.711 INFO [main] org.apache.catalina.startup.VersionLoggerListener.log 명령 행 아규먼트:  --add-opens=java.base/java.util=ALL-UNNAMED
09-Jun-2025 09:49:24.711 INFO [main] org.apache.catalina.startup.VersionLoggerListener.log 명령 행 아규먼트:  --add-opens=java.base/java.util.concurrent=ALL-UNNAMED
09-Jun-2025 09:49:24.711 INFO [main] org.apache.catalina.startup.VersionLoggerListener.log 명령 행 아규먼트:  --add-opens=java.rmi/sun.rmi.transport=ALL-UNNAMED
09-Jun-2025 09:49:24.712 INFO [main] org.apache.catalina.startup.VersionLoggerListener.log 명령 행 아규먼트:  -Dcatalina.base=C:\Users\it\Documents\Spring-Backend\JSP\Workspace\apache-tomcat-10.1.40
09-Jun-2025 09:49:24.712 INFO [main] org.apache.catalina.startup.VersionLoggerListener.log 명령 행 아규먼트:  -Dcatalina.home=C:\Users\it\Documents\Spring-Backend\JSP\Workspace\apache-tomcat-10.1.40
09-Jun-2025 09:49:24.712 INFO [main] org.apache.catalina.startup.VersionLoggerListener.log 명령 행 아규먼트:  -Djava.io.tmpdir=C:\Users\it\Documents\Spring-Backend\JSP\Workspace\apache-tomcat-10.1.40\temp
09-Jun-2025 09:49:24.714 INFO [main] org.apache.catalina.core.AprLifecycleListener.lifecycleEvent APR 버전 [1.7.4]을(를) 사용한, APR 기반 Apache Tomcat Native 라이브러리 [2.0.8]을(를) 로드했습니다.
09-Jun-2025 09:49:24.719 INFO [main] org.apache.catalina.core.AprLifecycleListener.initializeSSL OpenSSL이 성공적으로 초기화되었습니다: [OpenSSL 3.0.14 4 Jun 2024]
09-Jun-2025 09:49:24.906 INFO [main] org.apache.coyote.AbstractProtocol.init 프로토콜 핸들러 ["http-nio-8080"]을(를) 초기화합니다.
09-Jun-2025 09:49:24.921 INFO [main] org.apache.catalina.startup.Catalina.load [367] 밀리초 내에 서버가 초기화되었습니다.
09-Jun-2025 09:49:24.937 INFO [main] java.util.ArrayList.forEach Name = dbcp_myoracle Ignoring unknown property: value of "5" for "midIdle" property
09-Jun-2025 09:49:24.978 INFO [main] org.apache.catalina.core.StandardService.startInternal 서비스 [Catalina]을(를) 시작합니다.
09-Jun-2025 09:49:24.978 INFO [main] org.apache.catalina.core.StandardEngine.startInternal 서버 엔진을 시작합니다: [Apache Tomcat/10.1.40]
09-Jun-2025 09:49:24.996 INFO [main] org.apache.catalina.startup.HostConfig.deployWAR 웹 애플리케이션 아카이브 [C:\Users\it\Documents\Spring-Backend\JSP\Workspace\apache-tomcat-10.1.40\webapps\MustHaveJSP.war]을(를) 배치합니다.
09-Jun-2025 09:49:25.973 INFO [main] org.apache.jasper.servlet.TldScanner.scanJars 적어도 하나의 JAR가 TLD들을 찾기 위해 스캔되었으나 아무 것도 찾지 못했습니다. 스캔했으나 TLD가 없는 JAR들의 전체 목록을 보시려면, 로그 레벨을 디버그 레벨로 설정하십시오. 스캔 과정에서 불필요한 JAR들을 건너뛰면, 시스템 시작 시간과 JSP 컴파일 시간을 단축시킬 수 있습니다.
09-Jun-2025 09:49:26.061 INFO [main] org.apache.catalina.startup.HostConfig.deployWAR 웹 애플리케이션 아카이브 [C:\Users\it\Documents\Spring-Backend\JSP\Workspace\apache-tomcat-10.1.40\webapps\MustHaveJSP.war]의 배치가 [1,064] 밀리초에 완료되었습니다.
09-Jun-2025 09:49:26.063 INFO [main] org.apache.catalina.startup.HostConfig.deployWAR 웹 애플리케이션 아카이브 [C:\Users\it\Documents\Spring-Backend\JSP\Workspace\apache-tomcat-10.1.40\webapps\Tourist.war]을(를) 배치합니다.
09-Jun-2025 09:49:26.461 INFO [main] org.apache.jasper.servlet.TldScanner.scanJars 적어도 하나의 JAR가 TLD들을 찾기 위해 스캔되었으나 아무 것도 찾지 못했습니다. 스캔했으나 TLD가 없는 JAR들의 전체 목록을 보시려면, 로그 레벨을 디버그 레벨로 설정하십시오. 스캔 과정에서 불필요한 JAR들을 건너뛰면, 시스템 시작 시간과 JSP 컴파일 시간을 단축시킬 수 있습니다.
09-Jun-2025 09:49:26.464 INFO [main] org.apache.catalina.startup.HostConfig.deployWAR 웹 애플리케이션 아카이브 [C:\Users\it\Documents\Spring-Backend\JSP\Workspace\apache-tomcat-10.1.40\webapps\Tourist.war]의 배치가 [401] 밀리초에 완료되었습니다.
09-Jun-2025 09:49:26.467 INFO [main] org.apache.catalina.startup.HostConfig.deployWAR 웹 애플리케이션 아카이브 [C:\Users\it\Documents\Spring-Backend\JSP\Workspace\apache-tomcat-10.1.40\webapps\Tourist_mvc_model2.war]을(를) 배치합니다.
09-Jun-2025 09:49:27.105 INFO [main] org.apache.jasper.servlet.TldScanner.scanJars 적어도 하나의 JAR가 TLD들을 찾기 위해 스캔되었으나 아무 것도 찾지 못했습니다. 스캔했으나 TLD가 없는 JAR들의 전체 목록을 보시려면, 로그 레벨을 디버그 레벨로 설정하십시오. 스캔 과정에서 불필요한 JAR들을 건너뛰면, 시스템 시작 시간과 JSP 컴파일 시간을 단축시킬 수 있습니다.
09-Jun-2025 09:49:27.129 INFO [main] org.apache.catalina.startup.HostConfig.deployWAR 웹 애플리케이션 아카이브 [C:\Users\it\Documents\Spring-Backend\JSP\Workspace\apache-tomcat-10.1.40\webapps\Tourist_mvc_model2.war]의 배치가 [662] 밀리초에 완료되었습니다.
09-Jun-2025 09:49:27.130 INFO [main] org.apache.catalina.startup.HostConfig.deployDirectory 웹 애플리케이션 디렉토리 [C:\Users\it\Documents\Spring-Backend\JSP\Workspace\apache-tomcat-10.1.40\webapps\docs]을(를) 배치합니다.
09-Jun-2025 09:49:27.156 INFO [main] org.apache.catalina.startup.HostConfig.deployDirectory 웹 애플리케이션 디렉토리 [C:\Users\it\Documents\Spring-Backend\JSP\Workspace\apache-tomcat-10.1.40\webapps\docs]에 대한 배치가 [26] 밀리초에 완료되었습니다.
09-Jun-2025 09:49:27.156 INFO [main] org.apache.catalina.startup.HostConfig.deployDirectory 웹 애플리케이션 디렉토리 [C:\Users\it\Documents\Spring-Backend\JSP\Workspace\apache-tomcat-10.1.40\webapps\examples]을(를) 배치합니다.
09-Jun-2025 09:49:27.420 INFO [main] org.apache.catalina.startup.HostConfig.deployDirectory 웹 애플리케이션 디렉토리 [C:\Users\it\Documents\Spring-Backend\JSP\Workspace\apache-tomcat-10.1.40\webapps\examples]에 대한 배치가 [264] 밀리초에 완료되었습니다.
09-Jun-2025 09:49:27.420 INFO [main] org.apache.catalina.startup.HostConfig.deployDirectory 웹 애플리케이션 디렉토리 [C:\Users\it\Documents\Spring-Backend\JSP\Workspace\apache-tomcat-10.1.40\webapps\host-manager]을(를) 배치합니다.
09-Jun-2025 09:49:27.454 INFO [main] org.apache.catalina.startup.HostConfig.deployDirectory 웹 애플리케이션 디렉토리 [C:\Users\it\Documents\Spring-Backend\JSP\Workspace\apache-tomcat-10.1.40\webapps\host-manager]에 대한 배치가 [34] 밀리초에 완료되었습니다.
09-Jun-2025 09:49:27.455 INFO [main] org.apache.catalina.startup.HostConfig.deployDirectory 웹 애플리케이션 디렉토리 [C:\Users\it\Documents\Spring-Backend\JSP\Workspace\apache-tomcat-10.1.40\webapps\manager]을(를) 배치합니다.
09-Jun-2025 09:49:27.489 INFO [main] org.apache.catalina.startup.HostConfig.deployDirectory 웹 애플리케이션 디렉토리 [C:\Users\it\Documents\Spring-Backend\JSP\Workspace\apache-tomcat-10.1.40\webapps\manager]에 대한 배치가 [35] 밀리초에 완료되었습니다.
09-Jun-2025 09:49:27.490 INFO [main] org.apache.catalina.startup.HostConfig.deployDirectory 웹 애플리케이션 디렉토리 [C:\Users\it\Documents\Spring-Backend\JSP\Workspace\apache-tomcat-10.1.40\webapps\ROOT]을(를) 배치합니다.
09-Jun-2025 09:49:27.868 INFO [main] org.apache.jasper.servlet.TldScanner.scanJars 적어도 하나의 JAR가 TLD들을 찾기 위해 스캔되었으나 아무 것도 찾지 못했습니다. 스캔했으나 TLD가 없는 JAR들의 전체 목록을 보시려면, 로그 레벨을 디버그 레벨로 설정하십시오. 스캔 과정에서 불필요한 JAR들을 건너뛰면, 시스템 시작 시간과 JSP 컴파일 시간을 단축시킬 수 있습니다.
09-Jun-2025 09:49:27.870 INFO [main] org.apache.catalina.startup.HostConfig.deployDirectory 웹 애플리케이션 디렉토리 [C:\Users\it\Documents\Spring-Backend\JSP\Workspace\apache-tomcat-10.1.40\webapps\ROOT]에 대한 배치가 [381] 밀리초에 완료되었습니다.
09-Jun-2025 09:49:27.875 INFO [main] org.apache.coyote.AbstractProtocol.start 프로토콜 핸들러 ["http-nio-8080"]을(를) 시작합니다.
09-Jun-2025 09:49:27.903 INFO [main] org.apache.catalina.startup.Catalina.start 서버가 [2981] 밀리초 내에 시작되었습니다.
09-Jun-2025 10:35:02.342 INFO [Catalina-utility-2] org.apache.catalina.startup.HostConfig.reload 컨텍스트 []을(를) 다시 로드합니다.
09-Jun-2025 10:35:02.343 INFO [Catalina-utility-2] org.apache.catalina.core.StandardContext.reload 이름이 []인 컨텍스트를 다시 로드하는 작업이 시작되었습니다.
09-Jun-2025 10:35:02.506 WARNING [Catalina-utility-2] org.apache.catalina.loader.WebappClassLoaderBase.clearReferencesJdbc 웹 애플리케이션 [ROOT]이(가) JDBC 드라이버 [oracle.jdbc.OracleDriver]을(를) 등록했지만, 웹 애플리케이션이 중지될 때, 해당 JDBC 드라이버의 등록을 제거하지 못했습니다. 메모리 누수를 방지하기 위하여, 등록을 강제로 제거했습니다.
09-Jun-2025 10:35:02.887 INFO [Catalina-utility-2] org.apache.jasper.servlet.TldScanner.scanJars 적어도 하나의 JAR가 TLD들을 찾기 위해 스캔되었으나 아무 것도 찾지 못했습니다. 스캔했으나 TLD가 없는 JAR들의 전체 목록을 보시려면, 로그 레벨을 디버그 레벨로 설정하십시오. 스캔 과정에서 불필요한 JAR들을 건너뛰면, 시스템 시작 시간과 JSP 컴파일 시간을 단축시킬 수 있습니다.
09-Jun-2025 10:35:02.890 INFO [Catalina-utility-2] org.apache.catalina.core.StandardContext.reload 이름이 []인 컨텍스트를 다시 로드하는 것을 완료했습니다.
09-Jun-2025 10:37:32.466 INFO [http-nio-8080-exec-11] org.apache.catalina.loader.WebappClassLoaderBase.checkStateForResourceLoading 불허되는 접근: 이 웹 애플리케이션 인스턴스는 이미 중지되었습니다. [oracle.dms.AbstractParameterDescriptor]을(를) 로드할 수 없습니다. 디버그 목적 및 불허되는 접근을 발생시킨 해당 쓰레드를 종료시키기 위한 시도로서, 다음 스택 트레이스가 생성됩니다.
	java.lang.IllegalStateException: 불허되는 접근: 이 웹 애플리케이션 인스턴스는 이미 중지되었습니다. [oracle.dms.AbstractParameterDescriptor]을(를) 로드할 수 없습니다. 디버그 목적 및 불허되는 접근을 발생시킨 해당 쓰레드를 종료시키기 위한 시도로서, 다음 스택 트레이스가 생성됩니다.
		at org.apache.catalina.loader.WebappClassLoaderBase.checkStateForResourceLoading(WebappClassLoaderBase.java:1400)
		at org.apache.catalina.loader.WebappClassLoaderBase.checkStateForClassLoading(WebappClassLoaderBase.java:1388)
		at org.apache.catalina.loader.WebappClassLoaderBase.loadClass(WebappClassLoaderBase.java:1222)
		at org.apache.catalina.loader.WebappClassLoaderBase.loadClass(WebappClassLoaderBase.java:1189)
		at java.base/java.lang.Class.forName0(Native Method)
		at java.base/java.lang.Class.forName(Class.java:375)
		at oracle.jdbc.internal.OracleConnection.isDMSJarPresent(OracleConnection.java:3066)
		at oracle.jdbc.driver.GeneratedPhysicalConnection.readConnectionProperties(GeneratedPhysicalConnection.java:2779)
		at oracle.jdbc.driver.PhysicalConnection.readConnectionProperties(PhysicalConnection.java:1647)
		at oracle.jdbc.driver.PhysicalConnection.<init>(PhysicalConnection.java:1033)
		at oracle.jdbc.driver.T4CConnection.<init>(T4CConnection.java:817)
		at oracle.jdbc.driver.T4CDriverExtension.getConnection(T4CDriverExtension.java:63)
		at oracle.jdbc.driver.OracleDriver.connect(OracleDriver.java:887)
		at oracle.jdbc.driver.OracleDriver.connect(OracleDriver.java:694)
		at org.apache.tomcat.dbcp.dbcp2.DriverConnectionFactory.createConnection(DriverConnectionFactory.java:52)
		at org.apache.tomcat.dbcp.dbcp2.PoolableConnectionFactory.makeObject(PoolableConnectionFactory.java:481)
		at org.apache.tomcat.dbcp.pool2.impl.GenericObjectPool.create(GenericObjectPool.java:557)
		at org.apache.tomcat.dbcp.pool2.impl.GenericObjectPool.borrowObject(GenericObjectPool.java:299)
		at org.apache.tomcat.dbcp.pool2.impl.GenericObjectPool.borrowObject(GenericObjectPool.java:231)
		at org.apache.tomcat.dbcp.dbcp2.PoolingDataSource.getConnection(PoolingDataSource.java:138)
		at org.apache.tomcat.dbcp.dbcp2.BasicDataSource.getConnection(BasicDataSource.java:719)
		at common.DBConnPool.<init>(DBConnPool.java:27)
		at member.dao.MemberDAO.<init>(MemberDAO.java:12)
		at org.apache.jsp.JoinProcess_jsp._jspService(JoinProcess_jsp.java:135)
		at org.apache.jasper.runtime.HttpJspBase.service(HttpJspBase.java:64)
		at jakarta.servlet.http.HttpServlet.service(HttpServlet.java:658)
		at org.apache.jasper.servlet.JspServletWrapper.service(JspServletWrapper.java:436)
		at org.apache.jasper.servlet.JspServlet.serviceJspFile(JspServlet.java:357)
		at org.apache.jasper.servlet.JspServlet.service(JspServlet.java:308)
		at jakarta.servlet.http.HttpServlet.service(HttpServlet.java:658)
		at org.apache.catalina.core.ApplicationFilterChain.internalDoFilter(ApplicationFilterChain.java:195)
		at org.apache.catalina.core.ApplicationFilterChain.doFilter(ApplicationFilterChain.java:140)
		at org.apache.tomcat.websocket.server.WsFilter.doFilter(WsFilter.java:51)
		at org.apache.catalina.core.ApplicationFilterChain.internalDoFilter(ApplicationFilterChain.java:164)
		at org.apache.catalina.core.ApplicationFilterChain.doFilter(ApplicationFilterChain.java:140)
		at org.apache.catalina.core.StandardWrapperValve.invoke(StandardWrapperValve.java:167)
		at org.apache.catalina.core.StandardContextValve.invoke(StandardContextValve.java:90)
		at org.apache.catalina.authenticator.AuthenticatorBase.invoke(AuthenticatorBase.java:483)
		at org.apache.catalina.core.StandardHostValve.invoke(StandardHostValve.java:116)
		at org.apache.catalina.valves.ErrorReportValve.invoke(ErrorReportValve.java:93)
		at org.apache.catalina.valves.AbstractAccessLogValve.invoke(AbstractAccessLogValve.java:666)
		at org.apache.catalina.core.StandardEngineValve.invoke(StandardEngineValve.java:74)
		at org.apache.catalina.connector.CoyoteAdapter.service(CoyoteAdapter.java:344)
		at org.apache.coyote.http11.Http11Processor.service(Http11Processor.java:398)
		at org.apache.coyote.AbstractProcessorLight.process(AbstractProcessorLight.java:63)
		at org.apache.coyote.AbstractProtocol$ConnectionHandler.process(AbstractProtocol.java:903)
		at org.apache.tomcat.util.net.NioEndpoint$SocketProcessor.doRun(NioEndpoint.java:1740)
		at org.apache.tomcat.util.net.SocketProcessorBase.run(SocketProcessorBase.java:52)
		at org.apache.tomcat.util.threads.ThreadPoolExecutor.runWorker(ThreadPoolExecutor.java:1189)
		at org.apache.tomcat.util.threads.ThreadPoolExecutor$Worker.run(ThreadPoolExecutor.java:658)
		at org.apache.tomcat.util.threads.TaskThread$WrappingRunnable.run(TaskThread.java:63)
		at java.base/java.lang.Thread.run(Thread.java:842)
09-Jun-2025 10:37:32.499 INFO [http-nio-8080-exec-11] org.apache.catalina.loader.WebappClassLoaderBase.checkStateForResourceLoading 불허되는 접근: 이 웹 애플리케이션 인스턴스는 이미 중지되었습니다. [oracle.jdbc.driver.IntBinder]을(를) 로드할 수 없습니다. 디버그 목적 및 불허되는 접근을 발생시킨 해당 쓰레드를 종료시키기 위한 시도로서, 다음 스택 트레이스가 생성됩니다.
	java.lang.IllegalStateException: 불허되는 접근: 이 웹 애플리케이션 인스턴스는 이미 중지되었습니다. [oracle.jdbc.driver.IntBinder]을(를) 로드할 수 없습니다. 디버그 목적 및 불허되는 접근을 발생시킨 해당 쓰레드를 종료시키기 위한 시도로서, 다음 스택 트레이스가 생성됩니다.
		at org.apache.catalina.loader.WebappClassLoaderBase.checkStateForResourceLoading(WebappClassLoaderBase.java:1400)
		at org.apache.catalina.loader.WebappClassLoaderBase.checkStateForClassLoading(WebappClassLoaderBase.java:1388)
		at org.apache.catalina.loader.WebappClassLoaderBase.loadClass(WebappClassLoaderBase.java:1222)
		at org.apache.catalina.loader.WebappClassLoaderBase.loadClass(WebappClassLoaderBase.java:1189)
		at oracle.jdbc.driver.OraclePreparedStatement.setIntInternal(OraclePreparedStatement.java:5272)
		at oracle.jdbc.driver.OraclePreparedStatement.setInt(OraclePreparedStatement.java:5257)
		at oracle.jdbc.driver.OraclePreparedStatementWrapper.setInt(OraclePreparedStatementWrapper.java:213)
		at org.apache.tomcat.dbcp.dbcp2.DelegatingPreparedStatement.setInt(DelegatingPreparedStatement.java:440)
		at org.apache.tomcat.dbcp.dbcp2.DelegatingPreparedStatement.setInt(DelegatingPreparedStatement.java:440)
		at member.dao.MemberDAO.addMember(MemberDAO.java:29)
		at org.apache.jsp.JoinProcess_jsp._jspService(JoinProcess_jsp.java:136)
		at org.apache.jasper.runtime.HttpJspBase.service(HttpJspBase.java:64)
		at jakarta.servlet.http.HttpServlet.service(HttpServlet.java:658)
		at org.apache.jasper.servlet.JspServletWrapper.service(JspServletWrapper.java:436)
		at org.apache.jasper.servlet.JspServlet.serviceJspFile(JspServlet.java:357)
		at org.apache.jasper.servlet.JspServlet.service(JspServlet.java:308)
		at jakarta.servlet.http.HttpServlet.service(HttpServlet.java:658)
		at org.apache.catalina.core.ApplicationFilterChain.internalDoFilter(ApplicationFilterChain.java:195)
		at org.apache.catalina.core.ApplicationFilterChain.doFilter(ApplicationFilterChain.java:140)
		at org.apache.tomcat.websocket.server.WsFilter.doFilter(WsFilter.java:51)
		at org.apache.catalina.core.ApplicationFilterChain.internalDoFilter(ApplicationFilterChain.java:164)
		at org.apache.catalina.core.ApplicationFilterChain.doFilter(ApplicationFilterChain.java:140)
		at org.apache.catalina.core.StandardWrapperValve.invoke(StandardWrapperValve.java:167)
		at org.apache.catalina.core.StandardContextValve.invoke(StandardContextValve.java:90)
		at org.apache.catalina.authenticator.AuthenticatorBase.invoke(AuthenticatorBase.java:483)
		at org.apache.catalina.core.StandardHostValve.invoke(StandardHostValve.java:116)
		at org.apache.catalina.valves.ErrorReportValve.invoke(ErrorReportValve.java:93)
		at org.apache.catalina.valves.AbstractAccessLogValve.invoke(AbstractAccessLogValve.java:666)
		at org.apache.catalina.core.StandardEngineValve.invoke(StandardEngineValve.java:74)
		at org.apache.catalina.connector.CoyoteAdapter.service(CoyoteAdapter.java:344)
		at org.apache.coyote.http11.Http11Processor.service(Http11Processor.java:398)
		at org.apache.coyote.AbstractProcessorLight.process(AbstractProcessorLight.java:63)
		at org.apache.coyote.AbstractProtocol$ConnectionHandler.process(AbstractProtocol.java:903)
		at org.apache.tomcat.util.net.NioEndpoint$SocketProcessor.doRun(NioEndpoint.java:1740)
		at org.apache.tomcat.util.net.SocketProcessorBase.run(SocketProcessorBase.java:52)
		at org.apache.tomcat.util.threads.ThreadPoolExecutor.runWorker(ThreadPoolExecutor.java:1189)
		at org.apache.tomcat.util.threads.ThreadPoolExecutor$Worker.run(ThreadPoolExecutor.java:658)
		at org.apache.tomcat.util.threads.TaskThread$WrappingRunnable.run(TaskThread.java:63)
		at java.base/java.lang.Thread.run(Thread.java:842)
09-Jun-2025 10:38:57.347 INFO [http-nio-8080-exec-12] org.apache.catalina.loader.WebappClassLoaderBase.checkStateForResourceLoading 불허되는 접근: 이 웹 애플리케이션 인스턴스는 이미 중지되었습니다. [oracle.dms.AbstractParameterDescriptor]을(를) 로드할 수 없습니다. 디버그 목적 및 불허되는 접근을 발생시킨 해당 쓰레드를 종료시키기 위한 시도로서, 다음 스택 트레이스가 생성됩니다.
	java.lang.IllegalStateException: 불허되는 접근: 이 웹 애플리케이션 인스턴스는 이미 중지되었습니다. [oracle.dms.AbstractParameterDescriptor]을(를) 로드할 수 없습니다. 디버그 목적 및 불허되는 접근을 발생시킨 해당 쓰레드를 종료시키기 위한 시도로서, 다음 스택 트레이스가 생성됩니다.
		at org.apache.catalina.loader.WebappClassLoaderBase.checkStateForResourceLoading(WebappClassLoaderBase.java:1400)
		at org.apache.catalina.loader.WebappClassLoaderBase.checkStateForClassLoading(WebappClassLoaderBase.java:1388)
		at org.apache.catalina.loader.WebappClassLoaderBase.loadClass(WebappClassLoaderBase.java:1222)
		at org.apache.catalina.loader.WebappClassLoaderBase.loadClass(WebappClassLoaderBase.java:1189)
		at java.base/java.lang.Class.forName0(Native Method)
		at java.base/java.lang.Class.forName(Class.java:375)
		at oracle.jdbc.internal.OracleConnection.isDMSJarPresent(OracleConnection.java:3066)
		at oracle.jdbc.driver.GeneratedPhysicalConnection.readConnectionProperties(GeneratedPhysicalConnection.java:2779)
		at oracle.jdbc.driver.PhysicalConnection.readConnectionProperties(PhysicalConnection.java:1647)
		at oracle.jdbc.driver.PhysicalConnection.<init>(PhysicalConnection.java:1033)
		at oracle.jdbc.driver.T4CConnection.<init>(T4CConnection.java:817)
		at oracle.jdbc.driver.T4CDriverExtension.getConnection(T4CDriverExtension.java:63)
		at oracle.jdbc.driver.OracleDriver.connect(OracleDriver.java:887)
		at oracle.jdbc.driver.OracleDriver.connect(OracleDriver.java:694)
		at org.apache.tomcat.dbcp.dbcp2.DriverConnectionFactory.createConnection(DriverConnectionFactory.java:52)
		at org.apache.tomcat.dbcp.dbcp2.PoolableConnectionFactory.makeObject(PoolableConnectionFactory.java:481)
		at org.apache.tomcat.dbcp.pool2.impl.GenericObjectPool.create(GenericObjectPool.java:557)
		at org.apache.tomcat.dbcp.pool2.impl.GenericObjectPool.borrowObject(GenericObjectPool.java:299)
		at org.apache.tomcat.dbcp.pool2.impl.GenericObjectPool.borrowObject(GenericObjectPool.java:231)
		at org.apache.tomcat.dbcp.dbcp2.PoolingDataSource.getConnection(PoolingDataSource.java:138)
		at org.apache.tomcat.dbcp.dbcp2.BasicDataSource.getConnection(BasicDataSource.java:719)
		at common.DBConnPool.<init>(DBConnPool.java:27)
		at member.dao.MemberDAO.<init>(MemberDAO.java:12)
		at org.apache.jsp.JoinProcess_jsp._jspService(JoinProcess_jsp.java:135)
		at org.apache.jasper.runtime.HttpJspBase.service(HttpJspBase.java:64)
		at jakarta.servlet.http.HttpServlet.service(HttpServlet.java:658)
		at org.apache.jasper.servlet.JspServletWrapper.service(JspServletWrapper.java:436)
		at org.apache.jasper.servlet.JspServlet.serviceJspFile(JspServlet.java:357)
		at org.apache.jasper.servlet.JspServlet.service(JspServlet.java:308)
		at jakarta.servlet.http.HttpServlet.service(HttpServlet.java:658)
		at org.apache.catalina.core.ApplicationFilterChain.internalDoFilter(ApplicationFilterChain.java:195)
		at org.apache.catalina.core.ApplicationFilterChain.doFilter(ApplicationFilterChain.java:140)
		at org.apache.tomcat.websocket.server.WsFilter.doFilter(WsFilter.java:51)
		at org.apache.catalina.core.ApplicationFilterChain.internalDoFilter(ApplicationFilterChain.java:164)
		at org.apache.catalina.core.ApplicationFilterChain.doFilter(ApplicationFilterChain.java:140)
		at org.apache.catalina.core.StandardWrapperValve.invoke(StandardWrapperValve.java:167)
		at org.apache.catalina.core.StandardContextValve.invoke(StandardContextValve.java:90)
		at org.apache.catalina.authenticator.AuthenticatorBase.invoke(AuthenticatorBase.java:483)
		at org.apache.catalina.core.StandardHostValve.invoke(StandardHostValve.java:116)
		at org.apache.catalina.valves.ErrorReportValve.invoke(ErrorReportValve.java:93)
		at org.apache.catalina.valves.AbstractAccessLogValve.invoke(AbstractAccessLogValve.java:666)
		at org.apache.catalina.core.StandardEngineValve.invoke(StandardEngineValve.java:74)
		at org.apache.catalina.connector.CoyoteAdapter.service(CoyoteAdapter.java:344)
		at org.apache.coyote.http11.Http11Processor.service(Http11Processor.java:398)
		at org.apache.coyote.AbstractProcessorLight.process(AbstractProcessorLight.java:63)
		at org.apache.coyote.AbstractProtocol$ConnectionHandler.process(AbstractProtocol.java:903)
		at org.apache.tomcat.util.net.NioEndpoint$SocketProcessor.doRun(NioEndpoint.java:1740)
		at org.apache.tomcat.util.net.SocketProcessorBase.run(SocketProcessorBase.java:52)
		at org.apache.tomcat.util.threads.ThreadPoolExecutor.runWorker(ThreadPoolExecutor.java:1189)
		at org.apache.tomcat.util.threads.ThreadPoolExecutor$Worker.run(ThreadPoolExecutor.java:658)
		at org.apache.tomcat.util.threads.TaskThread$WrappingRunnable.run(TaskThread.java:63)
		at java.base/java.lang.Thread.run(Thread.java:842)
09-Jun-2025 10:39:52.815 INFO [main] org.apache.catalina.startup.VersionLoggerListener.log 서버 버전 이름:    Apache Tomcat/10.1.40
09-Jun-2025 10:39:52.818 INFO [main] org.apache.catalina.startup.VersionLoggerListener.log Server 빌드 시각:  Apr 1 2025 17:20:53 UTC
09-Jun-2025 10:39:52.820 INFO [main] org.apache.catalina.startup.VersionLoggerListener.log Server 버전 번호:  10.1.40.0
09-Jun-2025 10:39:52.820 INFO [main] org.apache.catalina.startup.VersionLoggerListener.log 운영체제 이름:     Windows 10
09-Jun-2025 10:39:52.821 INFO [main] org.apache.catalina.startup.VersionLoggerListener.log 운영체제 버전:     10.0
09-Jun-2025 10:39:52.821 INFO [main] org.apache.catalina.startup.VersionLoggerListener.log 아키텍처:          amd64
09-Jun-2025 10:39:52.821 INFO [main] org.apache.catalina.startup.VersionLoggerListener.log 자바 홈:           C:\Program Files\Java\jdk-17
09-Jun-2025 10:39:52.821 INFO [main] org.apache.catalina.startup.VersionLoggerListener.log JVM 버전:          17.0.14+8-LTS-191
09-Jun-2025 10:39:52.821 INFO [main] org.apache.catalina.startup.VersionLoggerListener.log JVM 벤더:          Oracle Corporation
09-Jun-2025 10:39:52.821 INFO [main] org.apache.catalina.startup.VersionLoggerListener.log CATALINA_BASE:     C:\Users\it\Documents\Spring-Backend\JSP\Workspace\apache-tomcat-10.1.40
09-Jun-2025 10:39:52.821 INFO [main] org.apache.catalina.startup.VersionLoggerListener.log CATALINA_HOME:     C:\Users\it\Documents\Spring-Backend\JSP\Workspace\apache-tomcat-10.1.40
09-Jun-2025 10:39:52.826 INFO [main] org.apache.catalina.startup.VersionLoggerListener.log 명령 행 아규먼트:  -Djava.util.logging.config.file=C:\Users\it\Documents\Spring-Backend\JSP\Workspace\apache-tomcat-10.1.40\conf\logging.properties
09-Jun-2025 10:39:52.826 INFO [main] org.apache.catalina.startup.VersionLoggerListener.log 명령 행 아규먼트:  -Djava.util.logging.manager=org.apache.juli.ClassLoaderLogManager
09-Jun-2025 10:39:52.826 INFO [main] org.apache.catalina.startup.VersionLoggerListener.log 명령 행 아규먼트:  -Djdk.tls.ephemeralDHKeySize=2048
09-Jun-2025 10:39:52.826 INFO [main] org.apache.catalina.startup.VersionLoggerListener.log 명령 행 아규먼트:  -Dfile.encoding=utf-8
09-Jun-2025 10:39:52.826 INFO [main] org.apache.catalina.startup.VersionLoggerListener.log 명령 행 아규먼트:  -Djava.protocol.handler.pkgs=org.apache.catalina.webresources
09-Jun-2025 10:39:52.826 INFO [main] org.apache.catalina.startup.VersionLoggerListener.log 명령 행 아규먼트:  -Dsun.io.useCanonCaches=false
09-Jun-2025 10:39:52.827 INFO [main] org.apache.catalina.startup.VersionLoggerListener.log 명령 행 아규먼트:  --add-opens=java.base/java.lang=ALL-UNNAMED
09-Jun-2025 10:39:52.827 INFO [main] org.apache.catalina.startup.VersionLoggerListener.log 명령 행 아규먼트:  --add-opens=java.base/java.lang.reflect=ALL-UNNAMED
09-Jun-2025 10:39:52.827 INFO [main] org.apache.catalina.startup.VersionLoggerListener.log 명령 행 아규먼트:  --add-opens=java.base/java.io=ALL-UNNAMED
09-Jun-2025 10:39:52.827 INFO [main] org.apache.catalina.startup.VersionLoggerListener.log 명령 행 아규먼트:  --add-opens=java.base/java.util=ALL-UNNAMED
09-Jun-2025 10:39:52.828 INFO [main] org.apache.catalina.startup.VersionLoggerListener.log 명령 행 아규먼트:  --add-opens=java.base/java.util.concurrent=ALL-UNNAMED
09-Jun-2025 10:39:52.828 INFO [main] org.apache.catalina.startup.VersionLoggerListener.log 명령 행 아규먼트:  --add-opens=java.rmi/sun.rmi.transport=ALL-UNNAMED
09-Jun-2025 10:39:52.828 INFO [main] org.apache.catalina.startup.VersionLoggerListener.log 명령 행 아규먼트:  -Dcatalina.base=C:\Users\it\Documents\Spring-Backend\JSP\Workspace\apache-tomcat-10.1.40
09-Jun-2025 10:39:52.828 INFO [main] org.apache.catalina.startup.VersionLoggerListener.log 명령 행 아규먼트:  -Dcatalina.home=C:\Users\it\Documents\Spring-Backend\JSP\Workspace\apache-tomcat-10.1.40
09-Jun-2025 10:39:52.828 INFO [main] org.apache.catalina.startup.VersionLoggerListener.log 명령 행 아규먼트:  -Djava.io.tmpdir=C:\Users\it\Documents\Spring-Backend\JSP\Workspace\apache-tomcat-10.1.40\temp
09-Jun-2025 10:39:52.831 INFO [main] org.apache.catalina.core.AprLifecycleListener.lifecycleEvent APR 버전 [1.7.4]을(를) 사용한, APR 기반 Apache Tomcat Native 라이브러리 [2.0.8]을(를) 로드했습니다.
09-Jun-2025 10:39:52.834 INFO [main] org.apache.catalina.core.AprLifecycleListener.initializeSSL OpenSSL이 성공적으로 초기화되었습니다: [OpenSSL 3.0.14 4 Jun 2024]
09-Jun-2025 10:39:53.026 INFO [main] org.apache.coyote.AbstractProtocol.init 프로토콜 핸들러 ["http-nio-8080"]을(를) 초기화합니다.
09-Jun-2025 10:39:53.041 INFO [main] org.apache.catalina.startup.Catalina.load [370] 밀리초 내에 서버가 초기화되었습니다.
09-Jun-2025 10:39:53.056 INFO [main] java.util.ArrayList.forEach Name = dbcp_myoracle Ignoring unknown property: value of "5" for "midIdle" property
09-Jun-2025 10:39:53.095 INFO [main] org.apache.catalina.core.StandardService.startInternal 서비스 [Catalina]을(를) 시작합니다.
09-Jun-2025 10:39:53.095 INFO [main] org.apache.catalina.core.StandardEngine.startInternal 서버 엔진을 시작합니다: [Apache Tomcat/10.1.40]
09-Jun-2025 10:39:53.113 INFO [main] org.apache.catalina.startup.HostConfig.deployWAR 웹 애플리케이션 아카이브 [C:\Users\it\Documents\Spring-Backend\JSP\Workspace\apache-tomcat-10.1.40\webapps\MustHaveJSP.war]을(를) 배치합니다.
09-Jun-2025 10:39:54.086 INFO [main] org.apache.jasper.servlet.TldScanner.scanJars 적어도 하나의 JAR가 TLD들을 찾기 위해 스캔되었으나 아무 것도 찾지 못했습니다. 스캔했으나 TLD가 없는 JAR들의 전체 목록을 보시려면, 로그 레벨을 디버그 레벨로 설정하십시오. 스캔 과정에서 불필요한 JAR들을 건너뛰면, 시스템 시작 시간과 JSP 컴파일 시간을 단축시킬 수 있습니다.
09-Jun-2025 10:39:54.175 INFO [main] org.apache.catalina.startup.HostConfig.deployWAR 웹 애플리케이션 아카이브 [C:\Users\it\Documents\Spring-Backend\JSP\Workspace\apache-tomcat-10.1.40\webapps\MustHaveJSP.war]의 배치가 [1,061] 밀리초에 완료되었습니다.
09-Jun-2025 10:39:54.177 INFO [main] org.apache.catalina.startup.HostConfig.deployWAR 웹 애플리케이션 아카이브 [C:\Users\it\Documents\Spring-Backend\JSP\Workspace\apache-tomcat-10.1.40\webapps\Tourist.war]을(를) 배치합니다.
09-Jun-2025 10:39:54.582 INFO [main] org.apache.jasper.servlet.TldScanner.scanJars 적어도 하나의 JAR가 TLD들을 찾기 위해 스캔되었으나 아무 것도 찾지 못했습니다. 스캔했으나 TLD가 없는 JAR들의 전체 목록을 보시려면, 로그 레벨을 디버그 레벨로 설정하십시오. 스캔 과정에서 불필요한 JAR들을 건너뛰면, 시스템 시작 시간과 JSP 컴파일 시간을 단축시킬 수 있습니다.
09-Jun-2025 10:39:54.585 INFO [main] org.apache.catalina.startup.HostConfig.deployWAR 웹 애플리케이션 아카이브 [C:\Users\it\Documents\Spring-Backend\JSP\Workspace\apache-tomcat-10.1.40\webapps\Tourist.war]의 배치가 [408] 밀리초에 완료되었습니다.
09-Jun-2025 10:39:54.588 INFO [main] org.apache.catalina.startup.HostConfig.deployWAR 웹 애플리케이션 아카이브 [C:\Users\it\Documents\Spring-Backend\JSP\Workspace\apache-tomcat-10.1.40\webapps\Tourist_mvc_model2.war]을(를) 배치합니다.
09-Jun-2025 10:39:55.219 INFO [main] org.apache.jasper.servlet.TldScanner.scanJars 적어도 하나의 JAR가 TLD들을 찾기 위해 스캔되었으나 아무 것도 찾지 못했습니다. 스캔했으나 TLD가 없는 JAR들의 전체 목록을 보시려면, 로그 레벨을 디버그 레벨로 설정하십시오. 스캔 과정에서 불필요한 JAR들을 건너뛰면, 시스템 시작 시간과 JSP 컴파일 시간을 단축시킬 수 있습니다.
09-Jun-2025 10:39:55.245 INFO [main] org.apache.catalina.startup.HostConfig.deployWAR 웹 애플리케이션 아카이브 [C:\Users\it\Documents\Spring-Backend\JSP\Workspace\apache-tomcat-10.1.40\webapps\Tourist_mvc_model2.war]의 배치가 [657] 밀리초에 완료되었습니다.
09-Jun-2025 10:39:55.246 INFO [main] org.apache.catalina.startup.HostConfig.deployDirectory 웹 애플리케이션 디렉토리 [C:\Users\it\Documents\Spring-Backend\JSP\Workspace\apache-tomcat-10.1.40\webapps\docs]을(를) 배치합니다.
09-Jun-2025 10:39:55.273 INFO [main] org.apache.catalina.startup.HostConfig.deployDirectory 웹 애플리케이션 디렉토리 [C:\Users\it\Documents\Spring-Backend\JSP\Workspace\apache-tomcat-10.1.40\webapps\docs]에 대한 배치가 [28] 밀리초에 완료되었습니다.
09-Jun-2025 10:39:55.273 INFO [main] org.apache.catalina.startup.HostConfig.deployDirectory 웹 애플리케이션 디렉토리 [C:\Users\it\Documents\Spring-Backend\JSP\Workspace\apache-tomcat-10.1.40\webapps\examples]을(를) 배치합니다.
09-Jun-2025 10:39:55.544 INFO [main] org.apache.catalina.startup.HostConfig.deployDirectory 웹 애플리케이션 디렉토리 [C:\Users\it\Documents\Spring-Backend\JSP\Workspace\apache-tomcat-10.1.40\webapps\examples]에 대한 배치가 [271] 밀리초에 완료되었습니다.
09-Jun-2025 10:39:55.544 INFO [main] org.apache.catalina.startup.HostConfig.deployDirectory 웹 애플리케이션 디렉토리 [C:\Users\it\Documents\Spring-Backend\JSP\Workspace\apache-tomcat-10.1.40\webapps\host-manager]을(를) 배치합니다.
09-Jun-2025 10:39:55.578 INFO [main] org.apache.catalina.startup.HostConfig.deployDirectory 웹 애플리케이션 디렉토리 [C:\Users\it\Documents\Spring-Backend\JSP\Workspace\apache-tomcat-10.1.40\webapps\host-manager]에 대한 배치가 [34] 밀리초에 완료되었습니다.
09-Jun-2025 10:39:55.579 INFO [main] org.apache.catalina.startup.HostConfig.deployDirectory 웹 애플리케이션 디렉토리 [C:\Users\it\Documents\Spring-Backend\JSP\Workspace\apache-tomcat-10.1.40\webapps\manager]을(를) 배치합니다.
09-Jun-2025 10:39:55.607 INFO [main] org.apache.catalina.startup.HostConfig.deployDirectory 웹 애플리케이션 디렉토리 [C:\Users\it\Documents\Spring-Backend\JSP\Workspace\apache-tomcat-10.1.40\webapps\manager]에 대한 배치가 [28] 밀리초에 완료되었습니다.
09-Jun-2025 10:39:55.608 INFO [main] org.apache.catalina.startup.HostConfig.deployDirectory 웹 애플리케이션 디렉토리 [C:\Users\it\Documents\Spring-Backend\JSP\Workspace\apache-tomcat-10.1.40\webapps\ROOT]을(를) 배치합니다.
09-Jun-2025 10:39:55.983 INFO [main] org.apache.jasper.servlet.TldScanner.scanJars 적어도 하나의 JAR가 TLD들을 찾기 위해 스캔되었으나 아무 것도 찾지 못했습니다. 스캔했으나 TLD가 없는 JAR들의 전체 목록을 보시려면, 로그 레벨을 디버그 레벨로 설정하십시오. 스캔 과정에서 불필요한 JAR들을 건너뛰면, 시스템 시작 시간과 JSP 컴파일 시간을 단축시킬 수 있습니다.
09-Jun-2025 10:39:55.986 INFO [main] org.apache.catalina.startup.HostConfig.deployDirectory 웹 애플리케이션 디렉토리 [C:\Users\it\Documents\Spring-Backend\JSP\Workspace\apache-tomcat-10.1.40\webapps\ROOT]에 대한 배치가 [378] 밀리초에 완료되었습니다.
09-Jun-2025 10:39:55.991 INFO [main] org.apache.coyote.AbstractProtocol.start 프로토콜 핸들러 ["http-nio-8080"]을(를) 시작합니다.
09-Jun-2025 10:39:56.019 INFO [main] org.apache.catalina.startup.Catalina.start 서버가 [2977] 밀리초 내에 시작되었습니다.
09-Jun-2025 16:25:39.737 INFO [main] org.apache.catalina.startup.VersionLoggerListener.log 서버 버전 이름:    Apache Tomcat/10.1.40
09-Jun-2025 16:25:39.740 INFO [main] org.apache.catalina.startup.VersionLoggerListener.log Server 빌드 시각:  Apr 1 2025 17:20:53 UTC
09-Jun-2025 16:25:39.743 INFO [main] org.apache.catalina.startup.VersionLoggerListener.log Server 버전 번호:  10.1.40.0
09-Jun-2025 16:25:39.743 INFO [main] org.apache.catalina.startup.VersionLoggerListener.log 운영체제 이름:     Windows 10
09-Jun-2025 16:25:39.743 INFO [main] org.apache.catalina.startup.VersionLoggerListener.log 운영체제 버전:     10.0
09-Jun-2025 16:25:39.743 INFO [main] org.apache.catalina.startup.VersionLoggerListener.log 아키텍처:          amd64
09-Jun-2025 16:25:39.744 INFO [main] org.apache.catalina.startup.VersionLoggerListener.log 자바 홈:           C:\Program Files\Java\jdk-17
09-Jun-2025 16:25:39.744 INFO [main] org.apache.catalina.startup.VersionLoggerListener.log JVM 버전:          17.0.14+8-LTS-191
09-Jun-2025 16:25:39.744 INFO [main] org.apache.catalina.startup.VersionLoggerListener.log JVM 벤더:          Oracle Corporation
09-Jun-2025 16:25:39.744 INFO [main] org.apache.catalina.startup.VersionLoggerListener.log CATALINA_BASE:     C:\Users\it\Documents\Spring-Backend\JSP\Workspace\apache-tomcat-10.1.40
09-Jun-2025 16:25:39.744 INFO [main] org.apache.catalina.startup.VersionLoggerListener.log CATALINA_HOME:     C:\Users\it\Documents\Spring-Backend\JSP\Workspace\apache-tomcat-10.1.40
09-Jun-2025 16:25:39.748 INFO [main] org.apache.catalina.startup.VersionLoggerListener.log 명령 행 아규먼트:  -Djava.util.logging.config.file=C:\Users\it\Documents\Spring-Backend\JSP\Workspace\apache-tomcat-10.1.40\conf\logging.properties
09-Jun-2025 16:25:39.748 INFO [main] org.apache.catalina.startup.VersionLoggerListener.log 명령 행 아규먼트:  -Djava.util.logging.manager=org.apache.juli.ClassLoaderLogManager
09-Jun-2025 16:25:39.748 INFO [main] org.apache.catalina.startup.VersionLoggerListener.log 명령 행 아규먼트:  -Djdk.tls.ephemeralDHKeySize=2048
09-Jun-2025 16:25:39.748 INFO [main] org.apache.catalina.startup.VersionLoggerListener.log 명령 행 아규먼트:  -Dfile.encoding=utf-8
09-Jun-2025 16:25:39.748 INFO [main] org.apache.catalina.startup.VersionLoggerListener.log 명령 행 아규먼트:  -Djava.protocol.handler.pkgs=org.apache.catalina.webresources
09-Jun-2025 16:25:39.748 INFO [main] org.apache.catalina.startup.VersionLoggerListener.log 명령 행 아규먼트:  -Dsun.io.useCanonCaches=false
09-Jun-2025 16:25:39.749 INFO [main] org.apache.catalina.startup.VersionLoggerListener.log 명령 행 아규먼트:  --add-opens=java.base/java.lang=ALL-UNNAMED
09-Jun-2025 16:25:39.749 INFO [main] org.apache.catalina.startup.VersionLoggerListener.log 명령 행 아규먼트:  --add-opens=java.base/java.lang.reflect=ALL-UNNAMED
09-Jun-2025 16:25:39.749 INFO [main] org.apache.catalina.startup.VersionLoggerListener.log 명령 행 아규먼트:  --add-opens=java.base/java.io=ALL-UNNAMED
09-Jun-2025 16:25:39.749 INFO [main] org.apache.catalina.startup.VersionLoggerListener.log 명령 행 아규먼트:  --add-opens=java.base/java.util=ALL-UNNAMED
09-Jun-2025 16:25:39.750 INFO [main] org.apache.catalina.startup.VersionLoggerListener.log 명령 행 아규먼트:  --add-opens=java.base/java.util.concurrent=ALL-UNNAMED
09-Jun-2025 16:25:39.750 INFO [main] org.apache.catalina.startup.VersionLoggerListener.log 명령 행 아규먼트:  --add-opens=java.rmi/sun.rmi.transport=ALL-UNNAMED
09-Jun-2025 16:25:39.750 INFO [main] org.apache.catalina.startup.VersionLoggerListener.log 명령 행 아규먼트:  -Dcatalina.base=C:\Users\it\Documents\Spring-Backend\JSP\Workspace\apache-tomcat-10.1.40
09-Jun-2025 16:25:39.750 INFO [main] org.apache.catalina.startup.VersionLoggerListener.log 명령 행 아규먼트:  -Dcatalina.home=C:\Users\it\Documents\Spring-Backend\JSP\Workspace\apache-tomcat-10.1.40
09-Jun-2025 16:25:39.751 INFO [main] org.apache.catalina.startup.VersionLoggerListener.log 명령 행 아규먼트:  -Djava.io.tmpdir=C:\Users\it\Documents\Spring-Backend\JSP\Workspace\apache-tomcat-10.1.40\temp
09-Jun-2025 16:25:39.753 INFO [main] org.apache.catalina.core.AprLifecycleListener.lifecycleEvent APR 버전 [1.7.4]을(를) 사용한, APR 기반 Apache Tomcat Native 라이브러리 [2.0.8]을(를) 로드했습니다.
09-Jun-2025 16:25:39.757 INFO [main] org.apache.catalina.core.AprLifecycleListener.initializeSSL OpenSSL이 성공적으로 초기화되었습니다: [OpenSSL 3.0.14 4 Jun 2024]
09-Jun-2025 16:25:39.923 INFO [main] org.apache.coyote.AbstractProtocol.init 프로토콜 핸들러 ["http-nio-8080"]을(를) 초기화합니다.
09-Jun-2025 16:25:39.938 INFO [main] org.apache.catalina.startup.Catalina.load [345] 밀리초 내에 서버가 초기화되었습니다.
09-Jun-2025 16:25:39.952 INFO [main] java.util.ArrayList.forEach Name = dbcp_myoracle Ignoring unknown property: value of "5" for "midIdle" property
09-Jun-2025 16:25:39.992 INFO [main] org.apache.catalina.core.StandardService.startInternal 서비스 [Catalina]을(를) 시작합니다.
09-Jun-2025 16:25:39.993 INFO [main] org.apache.catalina.core.StandardEngine.startInternal 서버 엔진을 시작합니다: [Apache Tomcat/10.1.40]
09-Jun-2025 16:25:40.010 INFO [main] org.apache.catalina.startup.HostConfig.deployWAR 웹 애플리케이션 아카이브 [C:\Users\it\Documents\Spring-Backend\JSP\Workspace\apache-tomcat-10.1.40\webapps\MustHaveJSP.war]을(를) 배치합니다.
09-Jun-2025 16:25:40.990 INFO [main] org.apache.jasper.servlet.TldScanner.scanJars 적어도 하나의 JAR가 TLD들을 찾기 위해 스캔되었으나 아무 것도 찾지 못했습니다. 스캔했으나 TLD가 없는 JAR들의 전체 목록을 보시려면, 로그 레벨을 디버그 레벨로 설정하십시오. 스캔 과정에서 불필요한 JAR들을 건너뛰면, 시스템 시작 시간과 JSP 컴파일 시간을 단축시킬 수 있습니다.
09-Jun-2025 16:25:41.080 INFO [main] org.apache.catalina.startup.HostConfig.deployWAR 웹 애플리케이션 아카이브 [C:\Users\it\Documents\Spring-Backend\JSP\Workspace\apache-tomcat-10.1.40\webapps\MustHaveJSP.war]의 배치가 [1,069] 밀리초에 완료되었습니다.
09-Jun-2025 16:25:41.082 INFO [main] org.apache.catalina.startup.HostConfig.deployWAR 웹 애플리케이션 아카이브 [C:\Users\it\Documents\Spring-Backend\JSP\Workspace\apache-tomcat-10.1.40\webapps\Tourist.war]을(를) 배치합니다.
09-Jun-2025 16:25:41.484 INFO [main] org.apache.jasper.servlet.TldScanner.scanJars 적어도 하나의 JAR가 TLD들을 찾기 위해 스캔되었으나 아무 것도 찾지 못했습니다. 스캔했으나 TLD가 없는 JAR들의 전체 목록을 보시려면, 로그 레벨을 디버그 레벨로 설정하십시오. 스캔 과정에서 불필요한 JAR들을 건너뛰면, 시스템 시작 시간과 JSP 컴파일 시간을 단축시킬 수 있습니다.
09-Jun-2025 16:25:41.487 INFO [main] org.apache.catalina.startup.HostConfig.deployWAR 웹 애플리케이션 아카이브 [C:\Users\it\Documents\Spring-Backend\JSP\Workspace\apache-tomcat-10.1.40\webapps\Tourist.war]의 배치가 [405] 밀리초에 완료되었습니다.
09-Jun-2025 16:25:41.490 INFO [main] org.apache.catalina.startup.HostConfig.deployWAR 웹 애플리케이션 아카이브 [C:\Users\it\Documents\Spring-Backend\JSP\Workspace\apache-tomcat-10.1.40\webapps\Tourist_Exam.war]을(를) 배치합니다.
09-Jun-2025 16:25:42.350 INFO [main] org.apache.jasper.servlet.TldScanner.scanJars 적어도 하나의 JAR가 TLD들을 찾기 위해 스캔되었으나 아무 것도 찾지 못했습니다. 스캔했으나 TLD가 없는 JAR들의 전체 목록을 보시려면, 로그 레벨을 디버그 레벨로 설정하십시오. 스캔 과정에서 불필요한 JAR들을 건너뛰면, 시스템 시작 시간과 JSP 컴파일 시간을 단축시킬 수 있습니다.
09-Jun-2025 16:25:42.376 INFO [main] org.apache.catalina.startup.HostConfig.deployWAR 웹 애플리케이션 아카이브 [C:\Users\it\Documents\Spring-Backend\JSP\Workspace\apache-tomcat-10.1.40\webapps\Tourist_Exam.war]의 배치가 [887] 밀리초에 완료되었습니다.
09-Jun-2025 16:25:42.379 INFO [main] org.apache.catalina.startup.HostConfig.deployWAR 웹 애플리케이션 아카이브 [C:\Users\it\Documents\Spring-Backend\JSP\Workspace\apache-tomcat-10.1.40\webapps\Tourist_mvc_model2.war]을(를) 배치합니다.
09-Jun-2025 16:25:43.000 INFO [main] org.apache.jasper.servlet.TldScanner.scanJars 적어도 하나의 JAR가 TLD들을 찾기 위해 스캔되었으나 아무 것도 찾지 못했습니다. 스캔했으나 TLD가 없는 JAR들의 전체 목록을 보시려면, 로그 레벨을 디버그 레벨로 설정하십시오. 스캔 과정에서 불필요한 JAR들을 건너뛰면, 시스템 시작 시간과 JSP 컴파일 시간을 단축시킬 수 있습니다.
09-Jun-2025 16:25:43.024 INFO [main] org.apache.catalina.startup.HostConfig.deployWAR 웹 애플리케이션 아카이브 [C:\Users\it\Documents\Spring-Backend\JSP\Workspace\apache-tomcat-10.1.40\webapps\Tourist_mvc_model2.war]의 배치가 [646] 밀리초에 완료되었습니다.
09-Jun-2025 16:25:43.025 INFO [main] org.apache.catalina.startup.HostConfig.deployDirectory 웹 애플리케이션 디렉토리 [C:\Users\it\Documents\Spring-Backend\JSP\Workspace\apache-tomcat-10.1.40\webapps\docs]을(를) 배치합니다.
09-Jun-2025 16:25:43.053 INFO [main] org.apache.catalina.startup.HostConfig.deployDirectory 웹 애플리케이션 디렉토리 [C:\Users\it\Documents\Spring-Backend\JSP\Workspace\apache-tomcat-10.1.40\webapps\docs]에 대한 배치가 [28] 밀리초에 완료되었습니다.
09-Jun-2025 16:25:43.053 INFO [main] org.apache.catalina.startup.HostConfig.deployDirectory 웹 애플리케이션 디렉토리 [C:\Users\it\Documents\Spring-Backend\JSP\Workspace\apache-tomcat-10.1.40\webapps\examples]을(를) 배치합니다.
09-Jun-2025 16:25:43.310 INFO [main] org.apache.catalina.startup.HostConfig.deployDirectory 웹 애플리케이션 디렉토리 [C:\Users\it\Documents\Spring-Backend\JSP\Workspace\apache-tomcat-10.1.40\webapps\examples]에 대한 배치가 [257] 밀리초에 완료되었습니다.
09-Jun-2025 16:25:43.311 INFO [main] org.apache.catalina.startup.HostConfig.deployDirectory 웹 애플리케이션 디렉토리 [C:\Users\it\Documents\Spring-Backend\JSP\Workspace\apache-tomcat-10.1.40\webapps\host-manager]을(를) 배치합니다.
09-Jun-2025 16:25:43.346 INFO [main] org.apache.catalina.startup.HostConfig.deployDirectory 웹 애플리케이션 디렉토리 [C:\Users\it\Documents\Spring-Backend\JSP\Workspace\apache-tomcat-10.1.40\webapps\host-manager]에 대한 배치가 [35] 밀리초에 완료되었습니다.
09-Jun-2025 16:25:43.346 INFO [main] org.apache.catalina.startup.HostConfig.deployDirectory 웹 애플리케이션 디렉토리 [C:\Users\it\Documents\Spring-Backend\JSP\Workspace\apache-tomcat-10.1.40\webapps\manager]을(를) 배치합니다.
09-Jun-2025 16:25:43.380 INFO [main] org.apache.catalina.startup.HostConfig.deployDirectory 웹 애플리케이션 디렉토리 [C:\Users\it\Documents\Spring-Backend\JSP\Workspace\apache-tomcat-10.1.40\webapps\manager]에 대한 배치가 [33] 밀리초에 완료되었습니다.
09-Jun-2025 16:25:43.380 INFO [main] org.apache.catalina.startup.HostConfig.deployDirectory 웹 애플리케이션 디렉토리 [C:\Users\it\Documents\Spring-Backend\JSP\Workspace\apache-tomcat-10.1.40\webapps\ROOT]을(를) 배치합니다.
09-Jun-2025 16:25:43.757 INFO [main] org.apache.jasper.servlet.TldScanner.scanJars 적어도 하나의 JAR가 TLD들을 찾기 위해 스캔되었으나 아무 것도 찾지 못했습니다. 스캔했으나 TLD가 없는 JAR들의 전체 목록을 보시려면, 로그 레벨을 디버그 레벨로 설정하십시오. 스캔 과정에서 불필요한 JAR들을 건너뛰면, 시스템 시작 시간과 JSP 컴파일 시간을 단축시킬 수 있습니다.
09-Jun-2025 16:25:43.760 INFO [main] org.apache.catalina.startup.HostConfig.deployDirectory 웹 애플리케이션 디렉토리 [C:\Users\it\Documents\Spring-Backend\JSP\Workspace\apache-tomcat-10.1.40\webapps\ROOT]에 대한 배치가 [379] 밀리초에 완료되었습니다.
09-Jun-2025 16:25:43.765 INFO [main] org.apache.coyote.AbstractProtocol.start 프로토콜 핸들러 ["http-nio-8080"]을(를) 시작합니다.
09-Jun-2025 16:25:43.792 INFO [main] org.apache.catalina.startup.Catalina.start 서버가 [3854] 밀리초 내에 시작되었습니다.
09-Jun-2025 16:25:43.797 SEVERE [main] org.apache.catalina.core.StandardServer.await 주소 [localhost]와(과) 포트 [8005]에, 서버 셧다운 소켓을 생성하지 못했습니다. (base 포트 [8005], offset [0])
	java.net.BindException: Address already in use: bind
		at java.base/sun.nio.ch.Net.bind0(Native Method)
		at java.base/sun.nio.ch.Net.bind(Net.java:555)
		at java.base/sun.nio.ch.Net.bind(Net.java:544)
		at java.base/sun.nio.ch.NioSocketImpl.bind(NioSocketImpl.java:648)
		at java.base/java.net.ServerSocket.bind(ServerSocket.java:388)
		at java.base/java.net.ServerSocket.<init>(ServerSocket.java:274)
		at org.apache.catalina.core.StandardServer.await(StandardServer.java:533)
		at org.apache.catalina.startup.Catalina.await(Catalina.java:851)
		at org.apache.catalina.startup.Catalina.start(Catalina.java:799)
		at java.base/jdk.internal.reflect.NativeMethodAccessorImpl.invoke0(Native Method)
		at java.base/jdk.internal.reflect.NativeMethodAccessorImpl.invoke(NativeMethodAccessorImpl.java:77)
		at java.base/jdk.internal.reflect.DelegatingMethodAccessorImpl.invoke(DelegatingMethodAccessorImpl.java:43)
		at java.base/java.lang.reflect.Method.invoke(Method.java:568)
		at org.apache.catalina.startup.Bootstrap.start(Bootstrap.java:345)
		at org.apache.catalina.startup.Bootstrap.main(Bootstrap.java:476)
09-Jun-2025 16:25:43.798 INFO [main] org.apache.coyote.AbstractProtocol.pause 프로토콜 핸들러 ["http-nio-8080"]을(를) 일시 정지 중
09-Jun-2025 16:25:43.827 INFO [main] org.apache.catalina.core.StandardService.stopInternal 서비스 [Catalina]을(를) 중지시킵니다.
09-Jun-2025 16:25:43.847 INFO [main] org.apache.coyote.AbstractProtocol.stop 프로토콜 핸들러 ["http-nio-8080"]을(를) 중지시킵니다.
09-Jun-2025 16:25:43.865 INFO [main] org.apache.coyote.AbstractProtocol.destroy 프로토콜 핸들러 ["http-nio-8080"]을(를) 소멸시킵니다.
09-Jun-2025 16:26:11.379 INFO [main] org.apache.catalina.startup.VersionLoggerListener.log 서버 버전 이름:    Apache Tomcat/10.1.40
09-Jun-2025 16:26:11.382 INFO [main] org.apache.catalina.startup.VersionLoggerListener.log Server 빌드 시각:  Apr 1 2025 17:20:53 UTC
09-Jun-2025 16:26:11.384 INFO [main] org.apache.catalina.startup.VersionLoggerListener.log Server 버전 번호:  10.1.40.0
09-Jun-2025 16:26:11.384 INFO [main] org.apache.catalina.startup.VersionLoggerListener.log 운영체제 이름:     Windows 10
09-Jun-2025 16:26:11.384 INFO [main] org.apache.catalina.startup.VersionLoggerListener.log 운영체제 버전:     10.0
09-Jun-2025 16:26:11.384 INFO [main] org.apache.catalina.startup.VersionLoggerListener.log 아키텍처:          amd64
09-Jun-2025 16:26:11.384 INFO [main] org.apache.catalina.startup.VersionLoggerListener.log 자바 홈:           C:\Program Files\Java\jdk-17
09-Jun-2025 16:26:11.385 INFO [main] org.apache.catalina.startup.VersionLoggerListener.log JVM 버전:          17.0.14+8-LTS-191
09-Jun-2025 16:26:11.385 INFO [main] org.apache.catalina.startup.VersionLoggerListener.log JVM 벤더:          Oracle Corporation
09-Jun-2025 16:26:11.385 INFO [main] org.apache.catalina.startup.VersionLoggerListener.log CATALINA_BASE:     C:\Users\it\Documents\Spring-Backend\JSP\Workspace\apache-tomcat-10.1.40
09-Jun-2025 16:26:11.385 INFO [main] org.apache.catalina.startup.VersionLoggerListener.log CATALINA_HOME:     C:\Users\it\Documents\Spring-Backend\JSP\Workspace\apache-tomcat-10.1.40
09-Jun-2025 16:26:11.396 INFO [main] org.apache.catalina.startup.VersionLoggerListener.log 명령 행 아규먼트:  -Djava.util.logging.config.file=C:\Users\it\Documents\Spring-Backend\JSP\Workspace\apache-tomcat-10.1.40\conf\logging.properties
09-Jun-2025 16:26:11.396 INFO [main] org.apache.catalina.startup.VersionLoggerListener.log 명령 행 아규먼트:  -Djava.util.logging.manager=org.apache.juli.ClassLoaderLogManager
09-Jun-2025 16:26:11.397 INFO [main] org.apache.catalina.startup.VersionLoggerListener.log 명령 행 아규먼트:  -Djdk.tls.ephemeralDHKeySize=2048
09-Jun-2025 16:26:11.397 INFO [main] org.apache.catalina.startup.VersionLoggerListener.log 명령 행 아규먼트:  -Dfile.encoding=utf-8
09-Jun-2025 16:26:11.397 INFO [main] org.apache.catalina.startup.VersionLoggerListener.log 명령 행 아규먼트:  -Djava.protocol.handler.pkgs=org.apache.catalina.webresources
09-Jun-2025 16:26:11.397 INFO [main] org.apache.catalina.startup.VersionLoggerListener.log 명령 행 아규먼트:  -Dsun.io.useCanonCaches=false
09-Jun-2025 16:26:11.397 INFO [main] org.apache.catalina.startup.VersionLoggerListener.log 명령 행 아규먼트:  --add-opens=java.base/java.lang=ALL-UNNAMED
09-Jun-2025 16:26:11.397 INFO [main] org.apache.catalina.startup.VersionLoggerListener.log 명령 행 아규먼트:  --add-opens=java.base/java.lang.reflect=ALL-UNNAMED
09-Jun-2025 16:26:11.422 INFO [main] org.apache.catalina.startup.VersionLoggerListener.log 명령 행 아규먼트:  --add-opens=java.base/java.io=ALL-UNNAMED
09-Jun-2025 16:26:11.422 INFO [main] org.apache.catalina.startup.VersionLoggerListener.log 명령 행 아규먼트:  --add-opens=java.base/java.util=ALL-UNNAMED
09-Jun-2025 16:26:11.422 INFO [main] org.apache.catalina.startup.VersionLoggerListener.log 명령 행 아규먼트:  --add-opens=java.base/java.util.concurrent=ALL-UNNAMED
09-Jun-2025 16:26:11.422 INFO [main] org.apache.catalina.startup.VersionLoggerListener.log 명령 행 아규먼트:  --add-opens=java.rmi/sun.rmi.transport=ALL-UNNAMED
09-Jun-2025 16:26:11.423 INFO [main] org.apache.catalina.startup.VersionLoggerListener.log 명령 행 아규먼트:  -Dcatalina.base=C:\Users\it\Documents\Spring-Backend\JSP\Workspace\apache-tomcat-10.1.40
09-Jun-2025 16:26:11.423 INFO [main] org.apache.catalina.startup.VersionLoggerListener.log 명령 행 아규먼트:  -Dcatalina.home=C:\Users\it\Documents\Spring-Backend\JSP\Workspace\apache-tomcat-10.1.40
09-Jun-2025 16:26:11.423 INFO [main] org.apache.catalina.startup.VersionLoggerListener.log 명령 행 아규먼트:  -Djava.io.tmpdir=C:\Users\it\Documents\Spring-Backend\JSP\Workspace\apache-tomcat-10.1.40\temp
09-Jun-2025 16:26:11.425 INFO [main] org.apache.catalina.core.AprLifecycleListener.lifecycleEvent APR 버전 [1.7.4]을(를) 사용한, APR 기반 Apache Tomcat Native 라이브러리 [2.0.8]을(를) 로드했습니다.
09-Jun-2025 16:26:11.431 INFO [main] org.apache.catalina.core.AprLifecycleListener.initializeSSL OpenSSL이 성공적으로 초기화되었습니다: [OpenSSL 3.0.14 4 Jun 2024]
09-Jun-2025 16:26:11.597 INFO [main] org.apache.coyote.AbstractProtocol.init 프로토콜 핸들러 ["http-nio-8080"]을(를) 초기화합니다.
09-Jun-2025 16:26:11.612 INFO [main] org.apache.catalina.startup.Catalina.load [377] 밀리초 내에 서버가 초기화되었습니다.
09-Jun-2025 16:26:11.628 INFO [main] java.util.ArrayList.forEach Name = dbcp_myoracle Ignoring unknown property: value of "5" for "midIdle" property
09-Jun-2025 16:26:11.667 INFO [main] org.apache.catalina.core.StandardService.startInternal 서비스 [Catalina]을(를) 시작합니다.
09-Jun-2025 16:26:11.667 INFO [main] org.apache.catalina.core.StandardEngine.startInternal 서버 엔진을 시작합니다: [Apache Tomcat/10.1.40]
09-Jun-2025 16:26:11.686 INFO [main] org.apache.catalina.startup.HostConfig.deployWAR 웹 애플리케이션 아카이브 [C:\Users\it\Documents\Spring-Backend\JSP\Workspace\apache-tomcat-10.1.40\webapps\MustHaveJSP.war]을(를) 배치합니다.
09-Jun-2025 16:26:12.658 INFO [main] org.apache.jasper.servlet.TldScanner.scanJars 적어도 하나의 JAR가 TLD들을 찾기 위해 스캔되었으나 아무 것도 찾지 못했습니다. 스캔했으나 TLD가 없는 JAR들의 전체 목록을 보시려면, 로그 레벨을 디버그 레벨로 설정하십시오. 스캔 과정에서 불필요한 JAR들을 건너뛰면, 시스템 시작 시간과 JSP 컴파일 시간을 단축시킬 수 있습니다.
09-Jun-2025 16:26:12.745 INFO [main] org.apache.catalina.startup.HostConfig.deployWAR 웹 애플리케이션 아카이브 [C:\Users\it\Documents\Spring-Backend\JSP\Workspace\apache-tomcat-10.1.40\webapps\MustHaveJSP.war]의 배치가 [1,059] 밀리초에 완료되었습니다.
09-Jun-2025 16:26:12.747 INFO [main] org.apache.catalina.startup.HostConfig.deployWAR 웹 애플리케이션 아카이브 [C:\Users\it\Documents\Spring-Backend\JSP\Workspace\apache-tomcat-10.1.40\webapps\Tourist.war]을(를) 배치합니다.
09-Jun-2025 16:26:13.148 INFO [main] org.apache.jasper.servlet.TldScanner.scanJars 적어도 하나의 JAR가 TLD들을 찾기 위해 스캔되었으나 아무 것도 찾지 못했습니다. 스캔했으나 TLD가 없는 JAR들의 전체 목록을 보시려면, 로그 레벨을 디버그 레벨로 설정하십시오. 스캔 과정에서 불필요한 JAR들을 건너뛰면, 시스템 시작 시간과 JSP 컴파일 시간을 단축시킬 수 있습니다.
09-Jun-2025 16:26:13.151 INFO [main] org.apache.catalina.startup.HostConfig.deployWAR 웹 애플리케이션 아카이브 [C:\Users\it\Documents\Spring-Backend\JSP\Workspace\apache-tomcat-10.1.40\webapps\Tourist.war]의 배치가 [404] 밀리초에 완료되었습니다.
09-Jun-2025 16:26:13.155 INFO [main] org.apache.catalina.startup.HostConfig.deployWAR 웹 애플리케이션 아카이브 [C:\Users\it\Documents\Spring-Backend\JSP\Workspace\apache-tomcat-10.1.40\webapps\Tourist_Exam.war]을(를) 배치합니다.
09-Jun-2025 16:26:13.811 INFO [main] org.apache.jasper.servlet.TldScanner.scanJars 적어도 하나의 JAR가 TLD들을 찾기 위해 스캔되었으나 아무 것도 찾지 못했습니다. 스캔했으나 TLD가 없는 JAR들의 전체 목록을 보시려면, 로그 레벨을 디버그 레벨로 설정하십시오. 스캔 과정에서 불필요한 JAR들을 건너뛰면, 시스템 시작 시간과 JSP 컴파일 시간을 단축시킬 수 있습니다.
09-Jun-2025 16:26:13.841 INFO [main] org.apache.catalina.startup.HostConfig.deployWAR 웹 애플리케이션 아카이브 [C:\Users\it\Documents\Spring-Backend\JSP\Workspace\apache-tomcat-10.1.40\webapps\Tourist_Exam.war]의 배치가 [686] 밀리초에 완료되었습니다.
09-Jun-2025 16:26:13.843 INFO [main] org.apache.catalina.startup.HostConfig.deployWAR 웹 애플리케이션 아카이브 [C:\Users\it\Documents\Spring-Backend\JSP\Workspace\apache-tomcat-10.1.40\webapps\Tourist_mvc_model2.war]을(를) 배치합니다.
09-Jun-2025 16:26:14.469 INFO [main] org.apache.jasper.servlet.TldScanner.scanJars 적어도 하나의 JAR가 TLD들을 찾기 위해 스캔되었으나 아무 것도 찾지 못했습니다. 스캔했으나 TLD가 없는 JAR들의 전체 목록을 보시려면, 로그 레벨을 디버그 레벨로 설정하십시오. 스캔 과정에서 불필요한 JAR들을 건너뛰면, 시스템 시작 시간과 JSP 컴파일 시간을 단축시킬 수 있습니다.
09-Jun-2025 16:26:14.494 INFO [main] org.apache.catalina.startup.HostConfig.deployWAR 웹 애플리케이션 아카이브 [C:\Users\it\Documents\Spring-Backend\JSP\Workspace\apache-tomcat-10.1.40\webapps\Tourist_mvc_model2.war]의 배치가 [651] 밀리초에 완료되었습니다.
09-Jun-2025 16:26:14.495 INFO [main] org.apache.catalina.startup.HostConfig.deployDirectory 웹 애플리케이션 디렉토리 [C:\Users\it\Documents\Spring-Backend\JSP\Workspace\apache-tomcat-10.1.40\webapps\docs]을(를) 배치합니다.
09-Jun-2025 16:26:14.522 INFO [main] org.apache.catalina.startup.HostConfig.deployDirectory 웹 애플리케이션 디렉토리 [C:\Users\it\Documents\Spring-Backend\JSP\Workspace\apache-tomcat-10.1.40\webapps\docs]에 대한 배치가 [27] 밀리초에 완료되었습니다.
09-Jun-2025 16:26:14.523 INFO [main] org.apache.catalina.startup.HostConfig.deployDirectory 웹 애플리케이션 디렉토리 [C:\Users\it\Documents\Spring-Backend\JSP\Workspace\apache-tomcat-10.1.40\webapps\examples]을(를) 배치합니다.
09-Jun-2025 16:26:14.789 INFO [main] org.apache.catalina.startup.HostConfig.deployDirectory 웹 애플리케이션 디렉토리 [C:\Users\it\Documents\Spring-Backend\JSP\Workspace\apache-tomcat-10.1.40\webapps\examples]에 대한 배치가 [267] 밀리초에 완료되었습니다.
09-Jun-2025 16:26:14.789 INFO [main] org.apache.catalina.startup.HostConfig.deployDirectory 웹 애플리케이션 디렉토리 [C:\Users\it\Documents\Spring-Backend\JSP\Workspace\apache-tomcat-10.1.40\webapps\host-manager]을(를) 배치합니다.
09-Jun-2025 16:26:14.826 INFO [main] org.apache.catalina.startup.HostConfig.deployDirectory 웹 애플리케이션 디렉토리 [C:\Users\it\Documents\Spring-Backend\JSP\Workspace\apache-tomcat-10.1.40\webapps\host-manager]에 대한 배치가 [36] 밀리초에 완료되었습니다.
09-Jun-2025 16:26:14.826 INFO [main] org.apache.catalina.startup.HostConfig.deployDirectory 웹 애플리케이션 디렉토리 [C:\Users\it\Documents\Spring-Backend\JSP\Workspace\apache-tomcat-10.1.40\webapps\manager]을(를) 배치합니다.
09-Jun-2025 16:26:14.859 INFO [main] org.apache.catalina.startup.HostConfig.deployDirectory 웹 애플리케이션 디렉토리 [C:\Users\it\Documents\Spring-Backend\JSP\Workspace\apache-tomcat-10.1.40\webapps\manager]에 대한 배치가 [33] 밀리초에 완료되었습니다.
09-Jun-2025 16:26:14.859 INFO [main] org.apache.catalina.startup.HostConfig.deployDirectory 웹 애플리케이션 디렉토리 [C:\Users\it\Documents\Spring-Backend\JSP\Workspace\apache-tomcat-10.1.40\webapps\ROOT]을(를) 배치합니다.
09-Jun-2025 16:26:15.493 INFO [main] org.apache.jasper.servlet.TldScanner.scanJars 적어도 하나의 JAR가 TLD들을 찾기 위해 스캔되었으나 아무 것도 찾지 못했습니다. 스캔했으나 TLD가 없는 JAR들의 전체 목록을 보시려면, 로그 레벨을 디버그 레벨로 설정하십시오. 스캔 과정에서 불필요한 JAR들을 건너뛰면, 시스템 시작 시간과 JSP 컴파일 시간을 단축시킬 수 있습니다.
09-Jun-2025 16:26:15.515 INFO [main] org.apache.catalina.startup.HostConfig.deployDirectory 웹 애플리케이션 디렉토리 [C:\Users\it\Documents\Spring-Backend\JSP\Workspace\apache-tomcat-10.1.40\webapps\ROOT]에 대한 배치가 [656] 밀리초에 완료되었습니다.
09-Jun-2025 16:26:15.519 INFO [main] org.apache.coyote.AbstractProtocol.start 프로토콜 핸들러 ["http-nio-8080"]을(를) 시작합니다.
09-Jun-2025 16:26:15.548 INFO [main] org.apache.catalina.startup.Catalina.start 서버가 [3935] 밀리초 내에 시작되었습니다.
09-Jun-2025 16:26:55.605 INFO [Catalina-utility-2] org.apache.catalina.startup.HostConfig.reload 컨텍스트 []을(를) 다시 로드합니다.
09-Jun-2025 16:26:55.605 INFO [Catalina-utility-2] org.apache.catalina.core.StandardContext.reload 이름이 []인 컨텍스트를 다시 로드하는 작업이 시작되었습니다.
09-Jun-2025 16:26:55.631 INFO [Catalina-utility-2] org.apache.catalina.core.StandardContext.reload 이름이 []인 컨텍스트를 다시 로드하는 것을 완료했습니다.
09-Jun-2025 16:27:05.641 INFO [Catalina-utility-2] org.apache.catalina.startup.HostConfig.reload 컨텍스트 []을(를) 다시 로드합니다.
09-Jun-2025 16:27:05.642 INFO [Catalina-utility-2] org.apache.catalina.core.StandardContext.reload 이름이 []인 컨텍스트를 다시 로드하는 작업이 시작되었습니다.
09-Jun-2025 16:27:06.355 INFO [Catalina-utility-2] org.apache.jasper.servlet.TldScanner.scanJars 적어도 하나의 JAR가 TLD들을 찾기 위해 스캔되었으나 아무 것도 찾지 못했습니다. 스캔했으나 TLD가 없는 JAR들의 전체 목록을 보시려면, 로그 레벨을 디버그 레벨로 설정하십시오. 스캔 과정에서 불필요한 JAR들을 건너뛰면, 시스템 시작 시간과 JSP 컴파일 시간을 단축시킬 수 있습니다.
09-Jun-2025 16:27:06.379 INFO [Catalina-utility-2] org.apache.catalina.core.StandardContext.reload 이름이 []인 컨텍스트를 다시 로드하는 것을 완료했습니다.
09-Jun-2025 16:30:06.748 INFO [Catalina-utility-1] org.apache.catalina.startup.HostConfig.undeploy 컨텍스트 []의 배치를 제거합니다.
09-Jun-2025 16:30:06.800 INFO [Catalina-utility-1] org.apache.catalina.startup.HostConfig.undeploy 컨텍스트 [/Tourist]의 배치를 제거합니다.
09-Jun-2025 16:30:06.805 INFO [Catalina-utility-1] org.apache.catalina.startup.HostConfig.undeploy 컨텍스트 [/Tourist_mvc_model2]의 배치를 제거합니다.
09-Jun-2025 16:30:06.816 INFO [Catalina-utility-1] org.apache.catalina.startup.HostConfig.undeploy 컨텍스트 [/MustHaveJSP]의 배치를 제거합니다.
09-Jun-2025 16:30:06.823 INFO [Catalina-utility-1] org.apache.catalina.startup.HostConfig.undeploy 컨텍스트 [/examples]의 배치를 제거합니다.
09-Jun-2025 16:30:06.826 INFO [Catalina-utility-1] org.apache.catalina.startup.HostConfig.undeploy 컨텍스트 [/host-manager]의 배치를 제거합니다.
09-Jun-2025 16:30:06.828 INFO [Catalina-utility-1] org.apache.catalina.startup.HostConfig.undeploy 컨텍스트 [/Tourist_Exam]의 배치를 제거합니다.
09-Jun-2025 16:30:06.831 INFO [Catalina-utility-1] org.apache.catalina.startup.HostConfig.undeploy 컨텍스트 [/manager]의 배치를 제거합니다.
09-Jun-2025 16:30:06.833 INFO [Catalina-utility-1] org.apache.catalina.startup.HostConfig.undeploy 컨텍스트 [/docs]의 배치를 제거합니다.
09-Jun-2025 16:30:06.836 INFO [Catalina-utility-1] org.apache.catalina.startup.HostConfig.deployWAR 웹 애플리케이션 아카이브 [C:\Users\it\Documents\Spring-Backend\JSP\Workspace\apache-tomcat-10.1.40\webapps\MustHaveJSP.war]을(를) 배치합니다.
09-Jun-2025 16:30:07.475 INFO [Catalina-utility-1] org.apache.jasper.servlet.TldScanner.scanJars 적어도 하나의 JAR가 TLD들을 찾기 위해 스캔되었으나 아무 것도 찾지 못했습니다. 스캔했으나 TLD가 없는 JAR들의 전체 목록을 보시려면, 로그 레벨을 디버그 레벨로 설정하십시오. 스캔 과정에서 불필요한 JAR들을 건너뛰면, 시스템 시작 시간과 JSP 컴파일 시간을 단축시킬 수 있습니다.
09-Jun-2025 16:30:07.497 INFO [Catalina-utility-1] org.apache.catalina.startup.HostConfig.deployWAR 웹 애플리케이션 아카이브 [C:\Users\it\Documents\Spring-Backend\JSP\Workspace\apache-tomcat-10.1.40\webapps\MustHaveJSP.war]의 배치가 [662] 밀리초에 완료되었습니다.
09-Jun-2025 16:30:07.498 INFO [Catalina-utility-1] org.apache.catalina.startup.HostConfig.deployWAR 웹 애플리케이션 아카이브 [C:\Users\it\Documents\Spring-Backend\JSP\Workspace\apache-tomcat-10.1.40\webapps\Tourist.war]을(를) 배치합니다.
09-Jun-2025 16:30:07.872 INFO [Catalina-utility-1] org.apache.jasper.servlet.TldScanner.scanJars 적어도 하나의 JAR가 TLD들을 찾기 위해 스캔되었으나 아무 것도 찾지 못했습니다. 스캔했으나 TLD가 없는 JAR들의 전체 목록을 보시려면, 로그 레벨을 디버그 레벨로 설정하십시오. 스캔 과정에서 불필요한 JAR들을 건너뛰면, 시스템 시작 시간과 JSP 컴파일 시간을 단축시킬 수 있습니다.
09-Jun-2025 16:30:07.874 INFO [Catalina-utility-1] org.apache.catalina.startup.HostConfig.deployWAR 웹 애플리케이션 아카이브 [C:\Users\it\Documents\Spring-Backend\JSP\Workspace\apache-tomcat-10.1.40\webapps\Tourist.war]의 배치가 [376] 밀리초에 완료되었습니다.
09-Jun-2025 16:30:07.879 INFO [Catalina-utility-1] org.apache.catalina.startup.HostConfig.deployWAR 웹 애플리케이션 아카이브 [C:\Users\it\Documents\Spring-Backend\JSP\Workspace\apache-tomcat-10.1.40\webapps\Tourist_Exam.war]을(를) 배치합니다.
09-Jun-2025 16:30:08.502 INFO [Catalina-utility-1] org.apache.jasper.servlet.TldScanner.scanJars 적어도 하나의 JAR가 TLD들을 찾기 위해 스캔되었으나 아무 것도 찾지 못했습니다. 스캔했으나 TLD가 없는 JAR들의 전체 목록을 보시려면, 로그 레벨을 디버그 레벨로 설정하십시오. 스캔 과정에서 불필요한 JAR들을 건너뛰면, 시스템 시작 시간과 JSP 컴파일 시간을 단축시킬 수 있습니다.
09-Jun-2025 16:30:08.523 INFO [Catalina-utility-1] org.apache.catalina.startup.HostConfig.deployWAR 웹 애플리케이션 아카이브 [C:\Users\it\Documents\Spring-Backend\JSP\Workspace\apache-tomcat-10.1.40\webapps\Tourist_Exam.war]의 배치가 [644] 밀리초에 완료되었습니다.
09-Jun-2025 16:30:08.524 INFO [Catalina-utility-1] org.apache.catalina.startup.HostConfig.deployWAR 웹 애플리케이션 아카이브 [C:\Users\it\Documents\Spring-Backend\JSP\Workspace\apache-tomcat-10.1.40\webapps\Tourist_mvc_model2.war]을(를) 배치합니다.
09-Jun-2025 16:30:09.131 INFO [Catalina-utility-1] org.apache.jasper.servlet.TldScanner.scanJars 적어도 하나의 JAR가 TLD들을 찾기 위해 스캔되었으나 아무 것도 찾지 못했습니다. 스캔했으나 TLD가 없는 JAR들의 전체 목록을 보시려면, 로그 레벨을 디버그 레벨로 설정하십시오. 스캔 과정에서 불필요한 JAR들을 건너뛰면, 시스템 시작 시간과 JSP 컴파일 시간을 단축시킬 수 있습니다.
09-Jun-2025 16:30:09.152 INFO [Catalina-utility-1] org.apache.catalina.startup.HostConfig.deployWAR 웹 애플리케이션 아카이브 [C:\Users\it\Documents\Spring-Backend\JSP\Workspace\apache-tomcat-10.1.40\webapps\Tourist_mvc_model2.war]의 배치가 [628] 밀리초에 완료되었습니다.
09-Jun-2025 16:30:09.153 INFO [Catalina-utility-1] org.apache.catalina.startup.HostConfig.deployDirectory 웹 애플리케이션 디렉토리 [C:\Users\it\Documents\Spring-Backend\JSP\Workspace\apache-tomcat-10.1.40\webapps\docs]을(를) 배치합니다.
09-Jun-2025 16:30:09.173 INFO [Catalina-utility-1] org.apache.catalina.startup.HostConfig.deployDirectory 웹 애플리케이션 디렉토리 [C:\Users\it\Documents\Spring-Backend\JSP\Workspace\apache-tomcat-10.1.40\webapps\docs]에 대한 배치가 [20] 밀리초에 완료되었습니다.
09-Jun-2025 16:30:09.173 INFO [Catalina-utility-1] org.apache.catalina.startup.HostConfig.deployDirectory 웹 애플리케이션 디렉토리 [C:\Users\it\Documents\Spring-Backend\JSP\Workspace\apache-tomcat-10.1.40\webapps\examples]을(를) 배치합니다.
09-Jun-2025 16:30:09.390 INFO [Catalina-utility-1] org.apache.catalina.startup.HostConfig.deployDirectory 웹 애플리케이션 디렉토리 [C:\Users\it\Documents\Spring-Backend\JSP\Workspace\apache-tomcat-10.1.40\webapps\examples]에 대한 배치가 [216] 밀리초에 완료되었습니다.
09-Jun-2025 16:30:09.390 INFO [Catalina-utility-1] org.apache.catalina.startup.HostConfig.deployDirectory 웹 애플리케이션 디렉토리 [C:\Users\it\Documents\Spring-Backend\JSP\Workspace\apache-tomcat-10.1.40\webapps\host-manager]을(를) 배치합니다.
09-Jun-2025 16:30:09.417 INFO [Catalina-utility-1] org.apache.catalina.startup.HostConfig.deployDirectory 웹 애플리케이션 디렉토리 [C:\Users\it\Documents\Spring-Backend\JSP\Workspace\apache-tomcat-10.1.40\webapps\host-manager]에 대한 배치가 [27] 밀리초에 완료되었습니다.
09-Jun-2025 16:30:09.421 INFO [Catalina-utility-1] org.apache.catalina.startup.HostConfig.deployDirectory 웹 애플리케이션 디렉토리 [C:\Users\it\Documents\Spring-Backend\JSP\Workspace\apache-tomcat-10.1.40\webapps\manager]을(를) 배치합니다.
09-Jun-2025 16:30:09.446 INFO [Catalina-utility-1] org.apache.catalina.startup.HostConfig.deployDirectory 웹 애플리케이션 디렉토리 [C:\Users\it\Documents\Spring-Backend\JSP\Workspace\apache-tomcat-10.1.40\webapps\manager]에 대한 배치가 [24] 밀리초에 완료되었습니다.
09-Jun-2025 16:30:09.446 INFO [Catalina-utility-1] org.apache.catalina.startup.HostConfig.deployDirectory 웹 애플리케이션 디렉토리 [C:\Users\it\Documents\Spring-Backend\JSP\Workspace\apache-tomcat-10.1.40\webapps\ROOT]을(를) 배치합니다.
09-Jun-2025 16:30:10.059 INFO [Catalina-utility-1] org.apache.jasper.servlet.TldScanner.scanJars 적어도 하나의 JAR가 TLD들을 찾기 위해 스캔되었으나 아무 것도 찾지 못했습니다. 스캔했으나 TLD가 없는 JAR들의 전체 목록을 보시려면, 로그 레벨을 디버그 레벨로 설정하십시오. 스캔 과정에서 불필요한 JAR들을 건너뛰면, 시스템 시작 시간과 JSP 컴파일 시간을 단축시킬 수 있습니다.
09-Jun-2025 16:30:10.079 INFO [Catalina-utility-1] org.apache.catalina.startup.HostConfig.deployDirectory 웹 애플리케이션 디렉토리 [C:\Users\it\Documents\Spring-Backend\JSP\Workspace\apache-tomcat-10.1.40\webapps\ROOT]에 대한 배치가 [632] 밀리초에 완료되었습니다.
09-Jun-2025 16:30:17.964 INFO [main] org.apache.catalina.startup.VersionLoggerListener.log 서버 버전 이름:    Apache Tomcat/10.1.40
09-Jun-2025 16:30:17.967 INFO [main] org.apache.catalina.startup.VersionLoggerListener.log Server 빌드 시각:  Apr 1 2025 17:20:53 UTC
09-Jun-2025 16:30:17.969 INFO [main] org.apache.catalina.startup.VersionLoggerListener.log Server 버전 번호:  10.1.40.0
09-Jun-2025 16:30:17.970 INFO [main] org.apache.catalina.startup.VersionLoggerListener.log 운영체제 이름:     Windows 10
09-Jun-2025 16:30:17.970 INFO [main] org.apache.catalina.startup.VersionLoggerListener.log 운영체제 버전:     10.0
09-Jun-2025 16:30:17.970 INFO [main] org.apache.catalina.startup.VersionLoggerListener.log 아키텍처:          amd64
09-Jun-2025 16:30:17.970 INFO [main] org.apache.catalina.startup.VersionLoggerListener.log 자바 홈:           C:\Program Files\Java\jdk-17
09-Jun-2025 16:30:17.970 INFO [main] org.apache.catalina.startup.VersionLoggerListener.log JVM 버전:          17.0.14+8-LTS-191
09-Jun-2025 16:30:17.970 INFO [main] org.apache.catalina.startup.VersionLoggerListener.log JVM 벤더:          Oracle Corporation
09-Jun-2025 16:30:17.970 INFO [main] org.apache.catalina.startup.VersionLoggerListener.log CATALINA_BASE:     C:\Users\it\Documents\Spring-Backend\JSP\Workspace\apache-tomcat-10.1.40
09-Jun-2025 16:30:17.970 INFO [main] org.apache.catalina.startup.VersionLoggerListener.log CATALINA_HOME:     C:\Users\it\Documents\Spring-Backend\JSP\Workspace\apache-tomcat-10.1.40
09-Jun-2025 16:30:17.976 INFO [main] org.apache.catalina.startup.VersionLoggerListener.log 명령 행 아규먼트:  -Djava.util.logging.config.file=C:\Users\it\Documents\Spring-Backend\JSP\Workspace\apache-tomcat-10.1.40\conf\logging.properties
09-Jun-2025 16:30:17.976 INFO [main] org.apache.catalina.startup.VersionLoggerListener.log 명령 행 아규먼트:  -Djava.util.logging.manager=org.apache.juli.ClassLoaderLogManager
09-Jun-2025 16:30:17.976 INFO [main] org.apache.catalina.startup.VersionLoggerListener.log 명령 행 아규먼트:  -Djdk.tls.ephemeralDHKeySize=2048
09-Jun-2025 16:30:17.976 INFO [main] org.apache.catalina.startup.VersionLoggerListener.log 명령 행 아규먼트:  -Dfile.encoding=utf-8
09-Jun-2025 16:30:17.977 INFO [main] org.apache.catalina.startup.VersionLoggerListener.log 명령 행 아규먼트:  -Djava.protocol.handler.pkgs=org.apache.catalina.webresources
09-Jun-2025 16:30:17.977 INFO [main] org.apache.catalina.startup.VersionLoggerListener.log 명령 행 아규먼트:  -Dsun.io.useCanonCaches=false
09-Jun-2025 16:30:17.977 INFO [main] org.apache.catalina.startup.VersionLoggerListener.log 명령 행 아규먼트:  --add-opens=java.base/java.lang=ALL-UNNAMED
09-Jun-2025 16:30:17.977 INFO [main] org.apache.catalina.startup.VersionLoggerListener.log 명령 행 아규먼트:  --add-opens=java.base/java.lang.reflect=ALL-UNNAMED
09-Jun-2025 16:30:17.977 INFO [main] org.apache.catalina.startup.VersionLoggerListener.log 명령 행 아규먼트:  --add-opens=java.base/java.io=ALL-UNNAMED
09-Jun-2025 16:30:17.978 INFO [main] org.apache.catalina.startup.VersionLoggerListener.log 명령 행 아규먼트:  --add-opens=java.base/java.util=ALL-UNNAMED
09-Jun-2025 16:30:17.978 INFO [main] org.apache.catalina.startup.VersionLoggerListener.log 명령 행 아규먼트:  --add-opens=java.base/java.util.concurrent=ALL-UNNAMED
09-Jun-2025 16:30:17.978 INFO [main] org.apache.catalina.startup.VersionLoggerListener.log 명령 행 아규먼트:  --add-opens=java.rmi/sun.rmi.transport=ALL-UNNAMED
09-Jun-2025 16:30:17.978 INFO [main] org.apache.catalina.startup.VersionLoggerListener.log 명령 행 아규먼트:  -Dcatalina.base=C:\Users\it\Documents\Spring-Backend\JSP\Workspace\apache-tomcat-10.1.40
09-Jun-2025 16:30:17.978 INFO [main] org.apache.catalina.startup.VersionLoggerListener.log 명령 행 아규먼트:  -Dcatalina.home=C:\Users\it\Documents\Spring-Backend\JSP\Workspace\apache-tomcat-10.1.40
09-Jun-2025 16:30:17.979 INFO [main] org.apache.catalina.startup.VersionLoggerListener.log 명령 행 아규먼트:  -Djava.io.tmpdir=C:\Users\it\Documents\Spring-Backend\JSP\Workspace\apache-tomcat-10.1.40\temp
09-Jun-2025 16:30:18.004 INFO [main] org.apache.catalina.core.AprLifecycleListener.lifecycleEvent APR 버전 [1.7.4]을(를) 사용한, APR 기반 Apache Tomcat Native 라이브러리 [2.0.8]을(를) 로드했습니다.
09-Jun-2025 16:30:18.010 INFO [main] org.apache.catalina.core.AprLifecycleListener.initializeSSL OpenSSL이 성공적으로 초기화되었습니다: [OpenSSL 3.0.14 4 Jun 2024]
09-Jun-2025 16:30:18.174 INFO [main] org.apache.coyote.AbstractProtocol.init 프로토콜 핸들러 ["http-nio-8080"]을(를) 초기화합니다.
09-Jun-2025 16:30:18.190 INFO [main] org.apache.catalina.startup.Catalina.load [372] 밀리초 내에 서버가 초기화되었습니다.
09-Jun-2025 16:30:18.208 INFO [main] java.util.ArrayList.forEach Name = dbcp_myoracle Ignoring unknown property: value of "5" for "midIdle" property
09-Jun-2025 16:30:18.229 INFO [main] java.util.ArrayList.forEach Name = dbcp_touristDB Ignoring unknown property: value of "5" for "midIdle" property
09-Jun-2025 16:30:18.249 INFO [main] org.apache.catalina.core.StandardService.startInternal 서비스 [Catalina]을(를) 시작합니다.
09-Jun-2025 16:30:18.249 INFO [main] org.apache.catalina.core.StandardEngine.startInternal 서버 엔진을 시작합니다: [Apache Tomcat/10.1.40]
09-Jun-2025 16:30:18.268 INFO [main] org.apache.catalina.startup.HostConfig.deployWAR 웹 애플리케이션 아카이브 [C:\Users\it\Documents\Spring-Backend\JSP\Workspace\apache-tomcat-10.1.40\webapps\MustHaveJSP.war]을(를) 배치합니다.
09-Jun-2025 16:30:19.227 INFO [main] org.apache.jasper.servlet.TldScanner.scanJars 적어도 하나의 JAR가 TLD들을 찾기 위해 스캔되었으나 아무 것도 찾지 못했습니다. 스캔했으나 TLD가 없는 JAR들의 전체 목록을 보시려면, 로그 레벨을 디버그 레벨로 설정하십시오. 스캔 과정에서 불필요한 JAR들을 건너뛰면, 시스템 시작 시간과 JSP 컴파일 시간을 단축시킬 수 있습니다.
09-Jun-2025 16:30:19.317 INFO [main] org.apache.catalina.startup.HostConfig.deployWAR 웹 애플리케이션 아카이브 [C:\Users\it\Documents\Spring-Backend\JSP\Workspace\apache-tomcat-10.1.40\webapps\MustHaveJSP.war]의 배치가 [1,048] 밀리초에 완료되었습니다.
09-Jun-2025 16:30:19.318 INFO [main] org.apache.catalina.startup.HostConfig.deployWAR 웹 애플리케이션 아카이브 [C:\Users\it\Documents\Spring-Backend\JSP\Workspace\apache-tomcat-10.1.40\webapps\Tourist.war]을(를) 배치합니다.
09-Jun-2025 16:30:19.720 INFO [main] org.apache.jasper.servlet.TldScanner.scanJars 적어도 하나의 JAR가 TLD들을 찾기 위해 스캔되었으나 아무 것도 찾지 못했습니다. 스캔했으나 TLD가 없는 JAR들의 전체 목록을 보시려면, 로그 레벨을 디버그 레벨로 설정하십시오. 스캔 과정에서 불필요한 JAR들을 건너뛰면, 시스템 시작 시간과 JSP 컴파일 시간을 단축시킬 수 있습니다.
09-Jun-2025 16:30:19.723 INFO [main] org.apache.catalina.startup.HostConfig.deployWAR 웹 애플리케이션 아카이브 [C:\Users\it\Documents\Spring-Backend\JSP\Workspace\apache-tomcat-10.1.40\webapps\Tourist.war]의 배치가 [404] 밀리초에 완료되었습니다.
09-Jun-2025 16:30:19.726 INFO [main] org.apache.catalina.startup.HostConfig.deployWAR 웹 애플리케이션 아카이브 [C:\Users\it\Documents\Spring-Backend\JSP\Workspace\apache-tomcat-10.1.40\webapps\Tourist_Exam.war]을(를) 배치합니다.
09-Jun-2025 16:30:20.375 INFO [main] org.apache.jasper.servlet.TldScanner.scanJars 적어도 하나의 JAR가 TLD들을 찾기 위해 스캔되었으나 아무 것도 찾지 못했습니다. 스캔했으나 TLD가 없는 JAR들의 전체 목록을 보시려면, 로그 레벨을 디버그 레벨로 설정하십시오. 스캔 과정에서 불필요한 JAR들을 건너뛰면, 시스템 시작 시간과 JSP 컴파일 시간을 단축시킬 수 있습니다.
09-Jun-2025 16:30:20.400 INFO [main] org.apache.catalina.startup.HostConfig.deployWAR 웹 애플리케이션 아카이브 [C:\Users\it\Documents\Spring-Backend\JSP\Workspace\apache-tomcat-10.1.40\webapps\Tourist_Exam.war]의 배치가 [673] 밀리초에 완료되었습니다.
09-Jun-2025 16:30:20.401 INFO [main] org.apache.catalina.startup.HostConfig.deployWAR 웹 애플리케이션 아카이브 [C:\Users\it\Documents\Spring-Backend\JSP\Workspace\apache-tomcat-10.1.40\webapps\Tourist_mvc_model2.war]을(를) 배치합니다.
09-Jun-2025 16:30:21.023 INFO [main] org.apache.jasper.servlet.TldScanner.scanJars 적어도 하나의 JAR가 TLD들을 찾기 위해 스캔되었으나 아무 것도 찾지 못했습니다. 스캔했으나 TLD가 없는 JAR들의 전체 목록을 보시려면, 로그 레벨을 디버그 레벨로 설정하십시오. 스캔 과정에서 불필요한 JAR들을 건너뛰면, 시스템 시작 시간과 JSP 컴파일 시간을 단축시킬 수 있습니다.
09-Jun-2025 16:30:21.046 INFO [main] org.apache.catalina.startup.HostConfig.deployWAR 웹 애플리케이션 아카이브 [C:\Users\it\Documents\Spring-Backend\JSP\Workspace\apache-tomcat-10.1.40\webapps\Tourist_mvc_model2.war]의 배치가 [644] 밀리초에 완료되었습니다.
09-Jun-2025 16:30:21.046 INFO [main] org.apache.catalina.startup.HostConfig.deployDirectory 웹 애플리케이션 디렉토리 [C:\Users\it\Documents\Spring-Backend\JSP\Workspace\apache-tomcat-10.1.40\webapps\docs]을(를) 배치합니다.
09-Jun-2025 16:30:21.072 INFO [main] org.apache.catalina.startup.HostConfig.deployDirectory 웹 애플리케이션 디렉토리 [C:\Users\it\Documents\Spring-Backend\JSP\Workspace\apache-tomcat-10.1.40\webapps\docs]에 대한 배치가 [25] 밀리초에 완료되었습니다.
09-Jun-2025 16:30:21.072 INFO [main] org.apache.catalina.startup.HostConfig.deployDirectory 웹 애플리케이션 디렉토리 [C:\Users\it\Documents\Spring-Backend\JSP\Workspace\apache-tomcat-10.1.40\webapps\examples]을(를) 배치합니다.
09-Jun-2025 16:30:21.325 INFO [main] org.apache.catalina.startup.HostConfig.deployDirectory 웹 애플리케이션 디렉토리 [C:\Users\it\Documents\Spring-Backend\JSP\Workspace\apache-tomcat-10.1.40\webapps\examples]에 대한 배치가 [252] 밀리초에 완료되었습니다.
09-Jun-2025 16:30:21.325 INFO [main] org.apache.catalina.startup.HostConfig.deployDirectory 웹 애플리케이션 디렉토리 [C:\Users\it\Documents\Spring-Backend\JSP\Workspace\apache-tomcat-10.1.40\webapps\host-manager]을(를) 배치합니다.
09-Jun-2025 16:30:21.358 INFO [main] org.apache.catalina.startup.HostConfig.deployDirectory 웹 애플리케이션 디렉토리 [C:\Users\it\Documents\Spring-Backend\JSP\Workspace\apache-tomcat-10.1.40\webapps\host-manager]에 대한 배치가 [33] 밀리초에 완료되었습니다.
09-Jun-2025 16:30:21.358 INFO [main] org.apache.catalina.startup.HostConfig.deployDirectory 웹 애플리케이션 디렉토리 [C:\Users\it\Documents\Spring-Backend\JSP\Workspace\apache-tomcat-10.1.40\webapps\manager]을(를) 배치합니다.
09-Jun-2025 16:30:21.386 INFO [main] org.apache.catalina.startup.HostConfig.deployDirectory 웹 애플리케이션 디렉토리 [C:\Users\it\Documents\Spring-Backend\JSP\Workspace\apache-tomcat-10.1.40\webapps\manager]에 대한 배치가 [27] 밀리초에 완료되었습니다.
09-Jun-2025 16:30:21.386 INFO [main] org.apache.catalina.startup.HostConfig.deployDirectory 웹 애플리케이션 디렉토리 [C:\Users\it\Documents\Spring-Backend\JSP\Workspace\apache-tomcat-10.1.40\webapps\ROOT]을(를) 배치합니다.
09-Jun-2025 16:30:22.000 INFO [main] org.apache.jasper.servlet.TldScanner.scanJars 적어도 하나의 JAR가 TLD들을 찾기 위해 스캔되었으나 아무 것도 찾지 못했습니다. 스캔했으나 TLD가 없는 JAR들의 전체 목록을 보시려면, 로그 레벨을 디버그 레벨로 설정하십시오. 스캔 과정에서 불필요한 JAR들을 건너뛰면, 시스템 시작 시간과 JSP 컴파일 시간을 단축시킬 수 있습니다.
09-Jun-2025 16:30:22.021 INFO [main] org.apache.catalina.startup.HostConfig.deployDirectory 웹 애플리케이션 디렉토리 [C:\Users\it\Documents\Spring-Backend\JSP\Workspace\apache-tomcat-10.1.40\webapps\ROOT]에 대한 배치가 [635] 밀리초에 완료되었습니다.
09-Jun-2025 16:30:22.025 INFO [main] org.apache.coyote.AbstractProtocol.start 프로토콜 핸들러 ["http-nio-8080"]을(를) 시작합니다.
09-Jun-2025 16:30:22.052 INFO [main] org.apache.catalina.startup.Catalina.start 서버가 [3860] 밀리초 내에 시작되었습니다.
